[2025-12-03 08:26:06] production.ERROR: Image [diabetes-wegwijzer_0.png] does not actually appear to be a valid image. {"exception":"[object] (Exception(code: 0): Image [diabetes-wegwijzer_0.png] does not actually appear to be a valid image. at /home/dlf_prod/domains/dutchlaravelfoundation.nl/deployment-2025-11-10-151352/vendor/statamic/cms/src/Imaging/ImageGenerator.php:309)
[stacktrace]
#0 /home/dlf_prod/domains/dutchlaravelfoundation.nl/deployment-2025-11-10-151352/vendor/statamic/cms/src/Imaging/ImageGenerator.php(255): Statamic\\Imaging\\ImageGenerator->validateImage()
#1 /home/dlf_prod/domains/dutchlaravelfoundation.nl/deployment-2025-11-10-151352/vendor/statamic/cms/src/Imaging/ImageGenerator.php(167): Statamic\\Imaging\\ImageGenerator->generate('diabetes-wegwij...')
#2 /home/dlf_prod/domains/dutchlaravelfoundation.nl/deployment-2025-11-10-151352/vendor/statamic/cms/src/Imaging/ImageGenerator.php(150): Statamic\\Imaging\\ImageGenerator->doGenerateByAsset(Object(Statamic\\Assets\\Asset), Array)
#3 /home/dlf_prod/domains/dutchlaravelfoundation.nl/deployment-2025-11-10-151352/vendor/laravel/framework/src/Illuminate/Cache/Repository.php(472): Statamic\\Imaging\\ImageGenerator->Statamic\\Imaging\\{closure}()
#4 /home/dlf_prod/domains/dutchlaravelfoundation.nl/deployment-2025-11-10-151352/vendor/statamic/cms/src/Imaging/ImageGenerator.php(148): Illuminate\\Cache\\Repository->rememberForever('asset::assets::...', Object(Closure))
#5 /home/dlf_prod/domains/dutchlaravelfoundation.nl/deployment-2025-11-10-151352/vendor/statamic/cms/src/Http/Controllers/GlideController.php(115): Statamic\\Imaging\\ImageGenerator->generateByAsset(Object(Statamic\\Assets\\Asset), Array)
#6 /home/dlf_prod/domains/dutchlaravelfoundation.nl/deployment-2025-11-10-151352/vendor/statamic/cms/src/Http/Controllers/GlideController.php(102): Statamic\\Http\\Controllers\\GlideController->generateBy('asset', Object(Statamic\\Assets\\Asset))
#7 /home/dlf_prod/domains/dutchlaravelfoundation.nl/deployment-2025-11-10-151352/vendor/laravel/framework/src/Illuminate/Routing/Controller.php(54): Statamic\\Http\\Controllers\\GlideController->generateByAsset('YXNzZXRzL2RpYWJ...', 'diabetes-wegwij...')
#8 /home/dlf_prod/domains/dutchlaravelfoundation.nl/deployment-2025-11-10-151352/vendor/laravel/framework/src/Illuminate/Routing/ControllerDispatcher.php(43): Illuminate\\Routing\\Controller->callAction('generateByAsset', Array)
#9 /home/dlf_prod/domains/dutchlaravelfoundation.nl/deployment-2025-11-10-151352/vendor/laravel/framework/src/Illuminate/Routing/Route.php(265): Illuminate\\Routing\\ControllerDispatcher->dispatch(Object(Illuminate\\Routing\\Route), Object(Statamic\\Http\\Controllers\\GlideController), 'generateByAsset')
#10 /home/dlf_prod/domains/dutchlaravelfoundation.nl/deployment-2025-11-10-151352/vendor/laravel/framework/src/Illuminate/Routing/Route.php(211): Illuminate\\Routing\\Route->runController()
#11 /home/dlf_prod/domains/dutchlaravelfoundation.nl/deployment-2025-11-10-151352/vendor/laravel/framework/src/Illuminate/Routing/Router.php(808): Illuminate\\Routing\\Route->run()
#12 /home/dlf_prod/domains/dutchlaravelfoundation.nl/deployment-2025-11-10-151352/vendor/laravel/framework/src/Illuminate/Pipeline/Pipeline.php(169): Illuminate\\Routing\\Router->Illuminate\\Routing\\{closure}(Object(Illuminate\\Http\\Request))
#13 /home/dlf_prod/domains/dutchlaravelfoundation.nl/deployment-2025-11-10-151352/vendor/laravel/framework/src/Illuminate/Pipeline/Pipeline.php(126): Illuminate\\Pipeline\\Pipeline->Illuminate\\Pipeline\\{closure}(Object(Illuminate\\Http\\Request))
#14 /home/dlf_prod/domains/dutchlaravelfoundation.nl/deployment-2025-11-10-151352/vendor/laravel/framework/src/Illuminate/Routing/Router.php(807): Illuminate\\Pipeline\\Pipeline->then(Object(Closure))
#15 /home/dlf_prod/domains/dutchlaravelfoundation.nl/deployment-2025-11-10-151352/vendor/laravel/framework/src/Illuminate/Routing/Router.php(786): Illuminate\\Routing\\Router->runRouteWithinStack(Object(Illuminate\\Routing\\Route), Object(Illuminate\\Http\\Request))
#16 /home/dlf_prod/domains/dutchlaravelfoundation.nl/deployment-2025-11-10-151352/vendor/laravel/framework/src/Illuminate/Routing/Router.php(750): Illuminate\\Routing\\Router->runRoute(Object(Illuminate\\Http\\Request), Object(Illuminate\\Routing\\Route))
#17 /home/dlf_prod/domains/dutchlaravelfoundation.nl/deployment-2025-11-10-151352/vendor/laravel/framework/src/Illuminate/Routing/Router.php(739): Illuminate\\Routing\\Router->dispatchToRoute(Object(Illuminate\\Http\\Request))
#18 /home/dlf_prod/domains/dutchlaravelfoundation.nl/deployment-2025-11-10-151352/vendor/laravel/framework/src/Illuminate/Foundation/Http/Kernel.php(200): Illuminate\\Routing\\Router->dispatch(Object(Illuminate\\Http\\Request))
#19 /home/dlf_prod/domains/dutchlaravelfoundation.nl/deployment-2025-11-10-151352/vendor/laravel/framework/src/Illuminate/Pipeline/Pipeline.php(169): Illuminate\\Foundation\\Http\\Kernel->Illuminate\\Foundation\\Http\\{closure}(Object(Illuminate\\Http\\Request))
#20 /home/dlf_prod/domains/dutchlaravelfoundation.nl/deployment-2025-11-10-151352/vendor/statamic/cms/src/Http/Middleware/StopImpersonating.php(12): Illuminate\\Pipeline\\Pipeline->Illuminate\\Pipeline\\{closure}(Object(Illuminate\\Http\\Request))
#21 /home/dlf_prod/domains/dutchlaravelfoundation.nl/deployment-2025-11-10-151352/vendor/laravel/framework/src/Illuminate/Pipeline/Pipeline.php(208): Statamic\\Http\\Middleware\\StopImpersonating->handle(Object(Illuminate\\Http\\Request), Object(Closure))
#22 /home/dlf_prod/domains/dutchlaravelfoundation.nl/deployment-2025-11-10-151352/vendor/statamic/cms/src/Http/Middleware/DisableFloc.php(17): Illuminate\\Pipeline\\Pipeline->Illuminate\\Pipeline\\{closure}(Object(Illuminate\\Http\\Request))
#23 /home/dlf_prod/domains/dutchlaravelfoundation.nl/deployment-2025-11-10-151352/vendor/laravel/framework/src/Illuminate/Pipeline/Pipeline.php(208): Statamic\\Http\\Middleware\\DisableFloc->handle(Object(Illuminate\\Http\\Request), Object(Closure))
#24 /home/dlf_prod/domains/dutchlaravelfoundation.nl/deployment-2025-11-10-151352/vendor/statamic/cms/src/Http/Middleware/CheckMultisite.php(15): Illuminate\\Pipeline\\Pipeline->Illuminate\\Pipeline\\{closure}(Object(Illuminate\\Http\\Request))
#25 /home/dlf_prod/domains/dutchlaravelfoundation.nl/deployment-2025-11-10-151352/vendor/laravel/framework/src/Illuminate/Pipeline/Pipeline.php(208): Statamic\\Http\\Middleware\\CheckMultisite->handle(Object(Illuminate\\Http\\Request), Object(Closure))
#26 /home/dlf_prod/domains/dutchlaravelfoundation.nl/deployment-2025-11-10-151352/vendor/statamic/cms/src/Http/Middleware/CheckComposerJsonScripts.php(14): Illuminate\\Pipeline\\Pipeline->Illuminate\\Pipeline\\{closure}(Object(Illuminate\\Http\\Request))
#27 /home/dlf_prod/domains/dutchlaravelfoundation.nl/deployment-2025-11-10-151352/vendor/laravel/framework/src/Illuminate/Pipeline/Pipeline.php(208): Statamic\\Http\\Middleware\\CheckComposerJsonScripts->handle(Object(Illuminate\\Http\\Request), Object(Closure))
#28 /home/dlf_prod/domains/dutchlaravelfoundation.nl/deployment-2025-11-10-151352/vendor/statamic/cms/src/Http/Middleware/PoweredByHeader.php(18): Illuminate\\Pipeline\\Pipeline->Illuminate\\Pipeline\\{closure}(Object(Illuminate\\Http\\Request))
#29 /home/dlf_prod/domains/dutchlaravelfoundation.nl/deployment-2025-11-10-151352/vendor/laravel/framework/src/Illuminate/Pipeline/Pipeline.php(208): Statamic\\Http\\Middleware\\PoweredByHeader->handle(Object(Illuminate\\Http\\Request), Object(Closure))
#30 /home/dlf_prod/domains/dutchlaravelfoundation.nl/deployment-2025-11-10-151352/vendor/laravel/framework/src/Illuminate/Foundation/Http/Middleware/TransformsRequest.php(21): Illuminate\\Pipeline\\Pipeline->Illuminate\\Pipeline\\{closure}(Object(Illuminate\\Http\\Request))
#31 /home/dlf_prod/domains/dutchlaravelfoundation.nl/deployment-2025-11-10-151352/vendor/laravel/framework/src/Illuminate/Foundation/Http/Middleware/ConvertEmptyStringsToNull.php(31): Illuminate\\Foundation\\Http\\Middleware\\TransformsRequest->handle(Object(Illuminate\\Http\\Request), Object(Closure))
#32 /home/dlf_prod/domains/dutchlaravelfoundation.nl/deployment-2025-11-10-151352/vendor/laravel/framework/src/Illuminate/Pipeline/Pipeline.php(208): Illuminate\\Foundation\\Http\\Middleware\\ConvertEmptyStringsToNull->handle(Object(Illuminate\\Http\\Request), Object(Closure))
#33 /home/dlf_prod/domains/dutchlaravelfoundation.nl/deployment-2025-11-10-151352/vendor/laravel/framework/src/Illuminate/Foundation/Http/Middleware/TransformsRequest.php(21): Illuminate\\Pipeline\\Pipeline->Illuminate\\Pipeline\\{closure}(Object(Illuminate\\Http\\Request))
#34 /home/dlf_prod/domains/dutchlaravelfoundation.nl/deployment-2025-11-10-151352/vendor/laravel/framework/src/Illuminate/Foundation/Http/Middleware/TrimStrings.php(51): Illuminate\\Foundation\\Http\\Middleware\\TransformsRequest->handle(Object(Illuminate\\Http\\Request), Object(Closure))
#35 /home/dlf_prod/domains/dutchlaravelfoundation.nl/deployment-2025-11-10-151352/vendor/laravel/framework/src/Illuminate/Pipeline/Pipeline.php(208): Illuminate\\Foundation\\Http\\Middleware\\TrimStrings->handle(Object(Illuminate\\Http\\Request), Object(Closure))
#36 /home/dlf_prod/domains/dutchlaravelfoundation.nl/deployment-2025-11-10-151352/vendor/laravel/framework/src/Illuminate/Http/Middleware/ValidatePostSize.php(27): Illuminate\\Pipeline\\Pipeline->Illuminate\\Pipeline\\{closure}(Object(Illuminate\\Http\\Request))
#37 /home/dlf_prod/domains/dutchlaravelfoundation.nl/deployment-2025-11-10-151352/vendor/laravel/framework/src/Illuminate/Pipeline/Pipeline.php(208): Illuminate\\Http\\Middleware\\ValidatePostSize->handle(Object(Illuminate\\Http\\Request), Object(Closure))
#38 /home/dlf_prod/domains/dutchlaravelfoundation.nl/deployment-2025-11-10-151352/vendor/laravel/framework/src/Illuminate/Foundation/Http/Middleware/PreventRequestsDuringMaintenance.php(109): Illuminate\\Pipeline\\Pipeline->Illuminate\\Pipeline\\{closure}(Object(Illuminate\\Http\\Request))
#39 /home/dlf_prod/domains/dutchlaravelfoundation.nl/deployment-2025-11-10-151352/vendor/laravel/framework/src/Illuminate/Pipeline/Pipeline.php(208): Illuminate\\Foundation\\Http\\Middleware\\PreventRequestsDuringMaintenance->handle(Object(Illuminate\\Http\\Request), Object(Closure))
#40 /home/dlf_prod/domains/dutchlaravelfoundation.nl/deployment-2025-11-10-151352/vendor/laravel/framework/src/Illuminate/Http/Middleware/HandleCors.php(48): Illuminate\\Pipeline\\Pipeline->Illuminate\\Pipeline\\{closure}(Object(Illuminate\\Http\\Request))
#41 /home/dlf_prod/domains/dutchlaravelfoundation.nl/deployment-2025-11-10-151352/vendor/laravel/framework/src/Illuminate/Pipeline/Pipeline.php(208): Illuminate\\Http\\Middleware\\HandleCors->handle(Object(Illuminate\\Http\\Request), Object(Closure))
#42 /home/dlf_prod/domains/dutchlaravelfoundation.nl/deployment-2025-11-10-151352/vendor/laravel/framework/src/Illuminate/Http/Middleware/TrustProxies.php(58): Illuminate\\Pipeline\\Pipeline->Illuminate\\Pipeline\\{closure}(Object(Illuminate\\Http\\Request))
#43 /home/dlf_prod/domains/dutchlaravelfoundation.nl/deployment-2025-11-10-151352/vendor/laravel/framework/src/Illuminate/Pipeline/Pipeline.php(208): Illuminate\\Http\\Middleware\\TrustProxies->handle(Object(Illuminate\\Http\\Request), Object(Closure))
#44 /home/dlf_prod/domains/dutchlaravelfoundation.nl/deployment-2025-11-10-151352/vendor/laravel/framework/src/Illuminate/Foundation/Http/Middleware/InvokeDeferredCallbacks.php(22): Illuminate\\Pipeline\\Pipeline->Illuminate\\Pipeline\\{closure}(Object(Illuminate\\Http\\Request))
#45 /home/dlf_prod/domains/dutchlaravelfoundation.nl/deployment-2025-11-10-151352/vendor/laravel/framework/src/Illuminate/Pipeline/Pipeline.php(208): Illuminate\\Foundation\\Http\\Middleware\\InvokeDeferredCallbacks->handle(Object(Illuminate\\Http\\Request), Object(Closure))
#46 /home/dlf_prod/domains/dutchlaravelfoundation.nl/deployment-2025-11-10-151352/vendor/laravel/framework/src/Illuminate/Http/Middleware/ValidatePathEncoding.php(26): Illuminate\\Pipeline\\Pipeline->Illuminate\\Pipeline\\{closure}(Object(Illuminate\\Http\\Request))
#47 /home/dlf_prod/domains/dutchlaravelfoundation.nl/deployment-2025-11-10-151352/vendor/laravel/framework/src/Illuminate/Pipeline/Pipeline.php(208): Illuminate\\Http\\Middleware\\ValidatePathEncoding->handle(Object(Illuminate\\Http\\Request), Object(Closure))
#48 /home/dlf_prod/domains/dutchlaravelfoundation.nl/deployment-2025-11-10-151352/vendor/laravel/framework/src/Illuminate/Pipeline/Pipeline.php(126): Illuminate\\Pipeline\\Pipeline->Illuminate\\Pipeline\\{closure}(Object(Illuminate\\Http\\Request))
#49 /home/dlf_prod/domains/dutchlaravelfoundation.nl/deployment-2025-11-10-151352/vendor/laravel/framework/src/Illuminate/Foundation/Http/Kernel.php(175): Illuminate\\Pipeline\\Pipeline->then(Object(Closure))
#50 /home/dlf_prod/domains/dutchlaravelfoundation.nl/deployment-2025-11-10-151352/vendor/laravel/framework/src/Illuminate/Foundation/Http/Kernel.php(144): Illuminate\\Foundation\\Http\\Kernel->sendRequestThroughRouter(Object(Illuminate\\Http\\Request))
#51 /home/dlf_prod/domains/dutchlaravelfoundation.nl/deployment-2025-11-10-151352/public/index.php(51): Illuminate\\Foundation\\Http\\Kernel->handle(Object(Illuminate\\Http\\Request))
#52 {main}
"} 
[2025-12-03 08:26:06] production.ERROR: Image [diabetes-wegwijzer_0.png] does not actually appear to be a valid image. {"exception":"[object] (Exception(code: 0): Image [diabetes-wegwijzer_0.png] does not actually appear to be a valid image. at /home/dlf_prod/domains/dutchlaravelfoundation.nl/deployment-2025-11-10-151352/vendor/statamic/cms/src/Imaging/ImageGenerator.php:309)
[stacktrace]
#0 /home/dlf_prod/domains/dutchlaravelfoundation.nl/deployment-2025-11-10-151352/vendor/statamic/cms/src/Imaging/ImageGenerator.php(255): Statamic\\Imaging\\ImageGenerator->validateImage()
#1 /home/dlf_prod/domains/dutchlaravelfoundation.nl/deployment-2025-11-10-151352/vendor/statamic/cms/src/Imaging/ImageGenerator.php(167): Statamic\\Imaging\\ImageGenerator->generate('diabetes-wegwij...')
#2 /home/dlf_prod/domains/dutchlaravelfoundation.nl/deployment-2025-11-10-151352/vendor/statamic/cms/src/Imaging/ImageGenerator.php(150): Statamic\\Imaging\\ImageGenerator->doGenerateByAsset(Object(Statamic\\Assets\\Asset), Array)
#3 /home/dlf_prod/domains/dutchlaravelfoundation.nl/deployment-2025-11-10-151352/vendor/laravel/framework/src/Illuminate/Cache/Repository.php(472): Statamic\\Imaging\\ImageGenerator->Statamic\\Imaging\\{closure}()
#4 /home/dlf_prod/domains/dutchlaravelfoundation.nl/deployment-2025-11-10-151352/vendor/statamic/cms/src/Imaging/ImageGenerator.php(148): Illuminate\\Cache\\Repository->rememberForever('asset::assets::...', Object(Closure))
#5 /home/dlf_prod/domains/dutchlaravelfoundation.nl/deployment-2025-11-10-151352/vendor/statamic/cms/src/Http/Controllers/GlideController.php(115): Statamic\\Imaging\\ImageGenerator->generateByAsset(Object(Statamic\\Assets\\Asset), Array)
#6 /home/dlf_prod/domains/dutchlaravelfoundation.nl/deployment-2025-11-10-151352/vendor/statamic/cms/src/Http/Controllers/GlideController.php(102): Statamic\\Http\\Controllers\\GlideController->generateBy('asset', Object(Statamic\\Assets\\Asset))
#7 /home/dlf_prod/domains/dutchlaravelfoundation.nl/deployment-2025-11-10-151352/vendor/laravel/framework/src/Illuminate/Routing/Controller.php(54): Statamic\\Http\\Controllers\\GlideController->generateByAsset('YXNzZXRzL2RpYWJ...', 'diabetes-wegwij...')
#8 /home/dlf_prod/domains/dutchlaravelfoundation.nl/deployment-2025-11-10-151352/vendor/laravel/framework/src/Illuminate/Routing/ControllerDispatcher.php(43): Illuminate\\Routing\\Controller->callAction('generateByAsset', Array)
#9 /home/dlf_prod/domains/dutchlaravelfoundation.nl/deployment-2025-11-10-151352/vendor/laravel/framework/src/Illuminate/Routing/Route.php(265): Illuminate\\Routing\\ControllerDispatcher->dispatch(Object(Illuminate\\Routing\\Route), Object(Statamic\\Http\\Controllers\\GlideController), 'generateByAsset')
#10 /home/dlf_prod/domains/dutchlaravelfoundation.nl/deployment-2025-11-10-151352/vendor/laravel/framework/src/Illuminate/Routing/Route.php(211): Illuminate\\Routing\\Route->runController()
#11 /home/dlf_prod/domains/dutchlaravelfoundation.nl/deployment-2025-11-10-151352/vendor/laravel/framework/src/Illuminate/Routing/Router.php(808): Illuminate\\Routing\\Route->run()
#12 /home/dlf_prod/domains/dutchlaravelfoundation.nl/deployment-2025-11-10-151352/vendor/laravel/framework/src/Illuminate/Pipeline/Pipeline.php(169): Illuminate\\Routing\\Router->Illuminate\\Routing\\{closure}(Object(Illuminate\\Http\\Request))
#13 /home/dlf_prod/domains/dutchlaravelfoundation.nl/deployment-2025-11-10-151352/vendor/laravel/framework/src/Illuminate/Pipeline/Pipeline.php(126): Illuminate\\Pipeline\\Pipeline->Illuminate\\Pipeline\\{closure}(Object(Illuminate\\Http\\Request))
#14 /home/dlf_prod/domains/dutchlaravelfoundation.nl/deployment-2025-11-10-151352/vendor/laravel/framework/src/Illuminate/Routing/Router.php(807): Illuminate\\Pipeline\\Pipeline->then(Object(Closure))
#15 /home/dlf_prod/domains/dutchlaravelfoundation.nl/deployment-2025-11-10-151352/vendor/laravel/framework/src/Illuminate/Routing/Router.php(786): Illuminate\\Routing\\Router->runRouteWithinStack(Object(Illuminate\\Routing\\Route), Object(Illuminate\\Http\\Request))
#16 /home/dlf_prod/domains/dutchlaravelfoundation.nl/deployment-2025-11-10-151352/vendor/laravel/framework/src/Illuminate/Routing/Router.php(750): Illuminate\\Routing\\Router->runRoute(Object(Illuminate\\Http\\Request), Object(Illuminate\\Routing\\Route))
#17 /home/dlf_prod/domains/dutchlaravelfoundation.nl/deployment-2025-11-10-151352/vendor/laravel/framework/src/Illuminate/Routing/Router.php(739): Illuminate\\Routing\\Router->dispatchToRoute(Object(Illuminate\\Http\\Request))
#18 /home/dlf_prod/domains/dutchlaravelfoundation.nl/deployment-2025-11-10-151352/vendor/laravel/framework/src/Illuminate/Foundation/Http/Kernel.php(200): Illuminate\\Routing\\Router->dispatch(Object(Illuminate\\Http\\Request))
#19 /home/dlf_prod/domains/dutchlaravelfoundation.nl/deployment-2025-11-10-151352/vendor/laravel/framework/src/Illuminate/Pipeline/Pipeline.php(169): Illuminate\\Foundation\\Http\\Kernel->Illuminate\\Foundation\\Http\\{closure}(Object(Illuminate\\Http\\Request))
#20 /home/dlf_prod/domains/dutchlaravelfoundation.nl/deployment-2025-11-10-151352/vendor/statamic/cms/src/Http/Middleware/StopImpersonating.php(12): Illuminate\\Pipeline\\Pipeline->Illuminate\\Pipeline\\{closure}(Object(Illuminate\\Http\\Request))
#21 /home/dlf_prod/domains/dutchlaravelfoundation.nl/deployment-2025-11-10-151352/vendor/laravel/framework/src/Illuminate/Pipeline/Pipeline.php(208): Statamic\\Http\\Middleware\\StopImpersonating->handle(Object(Illuminate\\Http\\Request), Object(Closure))
#22 /home/dlf_prod/domains/dutchlaravelfoundation.nl/deployment-2025-11-10-151352/vendor/statamic/cms/src/Http/Middleware/DisableFloc.php(17): Illuminate\\Pipeline\\Pipeline->Illuminate\\Pipeline\\{closure}(Object(Illuminate\\Http\\Request))
#23 /home/dlf_prod/domains/dutchlaravelfoundation.nl/deployment-2025-11-10-151352/vendor/laravel/framework/src/Illuminate/Pipeline/Pipeline.php(208): Statamic\\Http\\Middleware\\DisableFloc->handle(Object(Illuminate\\Http\\Request), Object(Closure))
#24 /home/dlf_prod/domains/dutchlaravelfoundation.nl/deployment-2025-11-10-151352/vendor/statamic/cms/src/Http/Middleware/CheckMultisite.php(15): Illuminate\\Pipeline\\Pipeline->Illuminate\\Pipeline\\{closure}(Object(Illuminate\\Http\\Request))
#25 /home/dlf_prod/domains/dutchlaravelfoundation.nl/deployment-2025-11-10-151352/vendor/laravel/framework/src/Illuminate/Pipeline/Pipeline.php(208): Statamic\\Http\\Middleware\\CheckMultisite->handle(Object(Illuminate\\Http\\Request), Object(Closure))
#26 /home/dlf_prod/domains/dutchlaravelfoundation.nl/deployment-2025-11-10-151352/vendor/statamic/cms/src/Http/Middleware/CheckComposerJsonScripts.php(14): Illuminate\\Pipeline\\Pipeline->Illuminate\\Pipeline\\{closure}(Object(Illuminate\\Http\\Request))
#27 /home/dlf_prod/domains/dutchlaravelfoundation.nl/deployment-2025-11-10-151352/vendor/laravel/framework/src/Illuminate/Pipeline/Pipeline.php(208): Statamic\\Http\\Middleware\\CheckComposerJsonScripts->handle(Object(Illuminate\\Http\\Request), Object(Closure))
#28 /home/dlf_prod/domains/dutchlaravelfoundation.nl/deployment-2025-11-10-151352/vendor/statamic/cms/src/Http/Middleware/PoweredByHeader.php(18): Illuminate\\Pipeline\\Pipeline->Illuminate\\Pipeline\\{closure}(Object(Illuminate\\Http\\Request))
#29 /home/dlf_prod/domains/dutchlaravelfoundation.nl/deployment-2025-11-10-151352/vendor/laravel/framework/src/Illuminate/Pipeline/Pipeline.php(208): Statamic\\Http\\Middleware\\PoweredByHeader->handle(Object(Illuminate\\Http\\Request), Object(Closure))
#30 /home/dlf_prod/domains/dutchlaravelfoundation.nl/deployment-2025-11-10-151352/vendor/laravel/framework/src/Illuminate/Foundation/Http/Middleware/TransformsRequest.php(21): Illuminate\\Pipeline\\Pipeline->Illuminate\\Pipeline\\{closure}(Object(Illuminate\\Http\\Request))
#31 /home/dlf_prod/domains/dutchlaravelfoundation.nl/deployment-2025-11-10-151352/vendor/laravel/framework/src/Illuminate/Foundation/Http/Middleware/ConvertEmptyStringsToNull.php(31): Illuminate\\Foundation\\Http\\Middleware\\TransformsRequest->handle(Object(Illuminate\\Http\\Request), Object(Closure))
#32 /home/dlf_prod/domains/dutchlaravelfoundation.nl/deployment-2025-11-10-151352/vendor/laravel/framework/src/Illuminate/Pipeline/Pipeline.php(208): Illuminate\\Foundation\\Http\\Middleware\\ConvertEmptyStringsToNull->handle(Object(Illuminate\\Http\\Request), Object(Closure))
#33 /home/dlf_prod/domains/dutchlaravelfoundation.nl/deployment-2025-11-10-151352/vendor/laravel/framework/src/Illuminate/Foundation/Http/Middleware/TransformsRequest.php(21): Illuminate\\Pipeline\\Pipeline->Illuminate\\Pipeline\\{closure}(Object(Illuminate\\Http\\Request))
#34 /home/dlf_prod/domains/dutchlaravelfoundation.nl/deployment-2025-11-10-151352/vendor/laravel/framework/src/Illuminate/Foundation/Http/Middleware/TrimStrings.php(51): Illuminate\\Foundation\\Http\\Middleware\\TransformsRequest->handle(Object(Illuminate\\Http\\Request), Object(Closure))
#35 /home/dlf_prod/domains/dutchlaravelfoundation.nl/deployment-2025-11-10-151352/vendor/laravel/framework/src/Illuminate/Pipeline/Pipeline.php(208): Illuminate\\Foundation\\Http\\Middleware\\TrimStrings->handle(Object(Illuminate\\Http\\Request), Object(Closure))
#36 /home/dlf_prod/domains/dutchlaravelfoundation.nl/deployment-2025-11-10-151352/vendor/laravel/framework/src/Illuminate/Http/Middleware/ValidatePostSize.php(27): Illuminate\\Pipeline\\Pipeline->Illuminate\\Pipeline\\{closure}(Object(Illuminate\\Http\\Request))
#37 /home/dlf_prod/domains/dutchlaravelfoundation.nl/deployment-2025-11-10-151352/vendor/laravel/framework/src/Illuminate/Pipeline/Pipeline.php(208): Illuminate\\Http\\Middleware\\ValidatePostSize->handle(Object(Illuminate\\Http\\Request), Object(Closure))
#38 /home/dlf_prod/domains/dutchlaravelfoundation.nl/deployment-2025-11-10-151352/vendor/laravel/framework/src/Illuminate/Foundation/Http/Middleware/PreventRequestsDuringMaintenance.php(109): Illuminate\\Pipeline\\Pipeline->Illuminate\\Pipeline\\{closure}(Object(Illuminate\\Http\\Request))
#39 /home/dlf_prod/domains/dutchlaravelfoundation.nl/deployment-2025-11-10-151352/vendor/laravel/framework/src/Illuminate/Pipeline/Pipeline.php(208): Illuminate\\Foundation\\Http\\Middleware\\PreventRequestsDuringMaintenance->handle(Object(Illuminate\\Http\\Request), Object(Closure))
#40 /home/dlf_prod/domains/dutchlaravelfoundation.nl/deployment-2025-11-10-151352/vendor/laravel/framework/src/Illuminate/Http/Middleware/HandleCors.php(48): Illuminate\\Pipeline\\Pipeline->Illuminate\\Pipeline\\{closure}(Object(Illuminate\\Http\\Request))
#41 /home/dlf_prod/domains/dutchlaravelfoundation.nl/deployment-2025-11-10-151352/vendor/laravel/framework/src/Illuminate/Pipeline/Pipeline.php(208): Illuminate\\Http\\Middleware\\HandleCors->handle(Object(Illuminate\\Http\\Request), Object(Closure))
#42 /home/dlf_prod/domains/dutchlaravelfoundation.nl/deployment-2025-11-10-151352/vendor/laravel/framework/src/Illuminate/Http/Middleware/TrustProxies.php(58): Illuminate\\Pipeline\\Pipeline->Illuminate\\Pipeline\\{closure}(Object(Illuminate\\Http\\Request))
#43 /home/dlf_prod/domains/dutchlaravelfoundation.nl/deployment-2025-11-10-151352/vendor/laravel/framework/src/Illuminate/Pipeline/Pipeline.php(208): Illuminate\\Http\\Middleware\\TrustProxies->handle(Object(Illuminate\\Http\\Request), Object(Closure))
#44 /home/dlf_prod/domains/dutchlaravelfoundation.nl/deployment-2025-11-10-151352/vendor/laravel/framework/src/Illuminate/Foundation/Http/Middleware/InvokeDeferredCallbacks.php(22): Illuminate\\Pipeline\\Pipeline->Illuminate\\Pipeline\\{closure}(Object(Illuminate\\Http\\Request))
#45 /home/dlf_prod/domains/dutchlaravelfoundation.nl/deployment-2025-11-10-151352/vendor/laravel/framework/src/Illuminate/Pipeline/Pipeline.php(208): Illuminate\\Foundation\\Http\\Middleware\\InvokeDeferredCallbacks->handle(Object(Illuminate\\Http\\Request), Object(Closure))
#46 /home/dlf_prod/domains/dutchlaravelfoundation.nl/deployment-2025-11-10-151352/vendor/laravel/framework/src/Illuminate/Http/Middleware/ValidatePathEncoding.php(26): Illuminate\\Pipeline\\Pipeline->Illuminate\\Pipeline\\{closure}(Object(Illuminate\\Http\\Request))
#47 /home/dlf_prod/domains/dutchlaravelfoundation.nl/deployment-2025-11-10-151352/vendor/laravel/framework/src/Illuminate/Pipeline/Pipeline.php(208): Illuminate\\Http\\Middleware\\ValidatePathEncoding->handle(Object(Illuminate\\Http\\Request), Object(Closure))
#48 /home/dlf_prod/domains/dutchlaravelfoundation.nl/deployment-2025-11-10-151352/vendor/laravel/framework/src/Illuminate/Pipeline/Pipeline.php(126): Illuminate\\Pipeline\\Pipeline->Illuminate\\Pipeline\\{closure}(Object(Illuminate\\Http\\Request))
#49 /home/dlf_prod/domains/dutchlaravelfoundation.nl/deployment-2025-11-10-151352/vendor/laravel/framework/src/Illuminate/Foundation/Http/Kernel.php(175): Illuminate\\Pipeline\\Pipeline->then(Object(Closure))
#50 /home/dlf_prod/domains/dutchlaravelfoundation.nl/deployment-2025-11-10-151352/vendor/laravel/framework/src/Illuminate/Foundation/Http/Kernel.php(144): Illuminate\\Foundation\\Http\\Kernel->sendRequestThroughRouter(Object(Illuminate\\Http\\Request))
#51 /home/dlf_prod/domains/dutchlaravelfoundation.nl/deployment-2025-11-10-151352/public/index.php(51): Illuminate\\Foundation\\Http\\Kernel->handle(Object(Illuminate\\Http\\Request))
#52 {main}
"} 
[2025-12-03 08:26:16] production.ERROR: Image [diabetes.nl-architectuur-16-10.png] does not actually appear to be a valid image. {"exception":"[object] (Exception(code: 0): Image [diabetes.nl-architectuur-16-10.png] does not actually appear to be a valid image. at /home/dlf_prod/domains/dutchlaravelfoundation.nl/deployment-2025-11-10-151352/vendor/statamic/cms/src/Imaging/ImageGenerator.php:309)
[stacktrace]
#0 /home/dlf_prod/domains/dutchlaravelfoundation.nl/deployment-2025-11-10-151352/vendor/statamic/cms/src/Imaging/ImageGenerator.php(255): Statamic\\Imaging\\ImageGenerator->validateImage()
#1 /home/dlf_prod/domains/dutchlaravelfoundation.nl/deployment-2025-11-10-151352/vendor/statamic/cms/src/Imaging/ImageGenerator.php(167): Statamic\\Imaging\\ImageGenerator->generate('diabetes.nl-arc...')
#2 /home/dlf_prod/domains/dutchlaravelfoundation.nl/deployment-2025-11-10-151352/vendor/statamic/cms/src/Imaging/ImageGenerator.php(150): Statamic\\Imaging\\ImageGenerator->doGenerateByAsset(Object(Statamic\\Assets\\Asset), Array)
#3 /home/dlf_prod/domains/dutchlaravelfoundation.nl/deployment-2025-11-10-151352/vendor/laravel/framework/src/Illuminate/Cache/Repository.php(472): Statamic\\Imaging\\ImageGenerator->Statamic\\Imaging\\{closure}()
#4 /home/dlf_prod/domains/dutchlaravelfoundation.nl/deployment-2025-11-10-151352/vendor/statamic/cms/src/Imaging/ImageGenerator.php(148): Illuminate\\Cache\\Repository->rememberForever('asset::assets::...', Object(Closure))
#5 /home/dlf_prod/domains/dutchlaravelfoundation.nl/deployment-2025-11-10-151352/vendor/statamic/cms/src/Http/Controllers/GlideController.php(115): Statamic\\Imaging\\ImageGenerator->generateByAsset(Object(Statamic\\Assets\\Asset), Array)
#6 /home/dlf_prod/domains/dutchlaravelfoundation.nl/deployment-2025-11-10-151352/vendor/statamic/cms/src/Http/Controllers/GlideController.php(102): Statamic\\Http\\Controllers\\GlideController->generateBy('asset', Object(Statamic\\Assets\\Asset))
#7 /home/dlf_prod/domains/dutchlaravelfoundation.nl/deployment-2025-11-10-151352/vendor/laravel/framework/src/Illuminate/Routing/Controller.php(54): Statamic\\Http\\Controllers\\GlideController->generateByAsset('YXNzZXRzL2RpYWJ...', 'diabetes.nl-arc...')
#8 /home/dlf_prod/domains/dutchlaravelfoundation.nl/deployment-2025-11-10-151352/vendor/laravel/framework/src/Illuminate/Routing/ControllerDispatcher.php(43): Illuminate\\Routing\\Controller->callAction('generateByAsset', Array)
#9 /home/dlf_prod/domains/dutchlaravelfoundation.nl/deployment-2025-11-10-151352/vendor/laravel/framework/src/Illuminate/Routing/Route.php(265): Illuminate\\Routing\\ControllerDispatcher->dispatch(Object(Illuminate\\Routing\\Route), Object(Statamic\\Http\\Controllers\\GlideController), 'generateByAsset')
#10 /home/dlf_prod/domains/dutchlaravelfoundation.nl/deployment-2025-11-10-151352/vendor/laravel/framework/src/Illuminate/Routing/Route.php(211): Illuminate\\Routing\\Route->runController()
#11 /home/dlf_prod/domains/dutchlaravelfoundation.nl/deployment-2025-11-10-151352/vendor/laravel/framework/src/Illuminate/Routing/Router.php(808): Illuminate\\Routing\\Route->run()
#12 /home/dlf_prod/domains/dutchlaravelfoundation.nl/deployment-2025-11-10-151352/vendor/laravel/framework/src/Illuminate/Pipeline/Pipeline.php(169): Illuminate\\Routing\\Router->Illuminate\\Routing\\{closure}(Object(Illuminate\\Http\\Request))
#13 /home/dlf_prod/domains/dutchlaravelfoundation.nl/deployment-2025-11-10-151352/vendor/laravel/framework/src/Illuminate/Pipeline/Pipeline.php(126): Illuminate\\Pipeline\\Pipeline->Illuminate\\Pipeline\\{closure}(Object(Illuminate\\Http\\Request))
#14 /home/dlf_prod/domains/dutchlaravelfoundation.nl/deployment-2025-11-10-151352/vendor/laravel/framework/src/Illuminate/Routing/Router.php(807): Illuminate\\Pipeline\\Pipeline->then(Object(Closure))
#15 /home/dlf_prod/domains/dutchlaravelfoundation.nl/deployment-2025-11-10-151352/vendor/laravel/framework/src/Illuminate/Routing/Router.php(786): Illuminate\\Routing\\Router->runRouteWithinStack(Object(Illuminate\\Routing\\Route), Object(Illuminate\\Http\\Request))
#16 /home/dlf_prod/domains/dutchlaravelfoundation.nl/deployment-2025-11-10-151352/vendor/laravel/framework/src/Illuminate/Routing/Router.php(750): Illuminate\\Routing\\Router->runRoute(Object(Illuminate\\Http\\Request), Object(Illuminate\\Routing\\Route))
#17 /home/dlf_prod/domains/dutchlaravelfoundation.nl/deployment-2025-11-10-151352/vendor/laravel/framework/src/Illuminate/Routing/Router.php(739): Illuminate\\Routing\\Router->dispatchToRoute(Object(Illuminate\\Http\\Request))
#18 /home/dlf_prod/domains/dutchlaravelfoundation.nl/deployment-2025-11-10-151352/vendor/laravel/framework/src/Illuminate/Foundation/Http/Kernel.php(200): Illuminate\\Routing\\Router->dispatch(Object(Illuminate\\Http\\Request))
#19 /home/dlf_prod/domains/dutchlaravelfoundation.nl/deployment-2025-11-10-151352/vendor/laravel/framework/src/Illuminate/Pipeline/Pipeline.php(169): Illuminate\\Foundation\\Http\\Kernel->Illuminate\\Foundation\\Http\\{closure}(Object(Illuminate\\Http\\Request))
#20 /home/dlf_prod/domains/dutchlaravelfoundation.nl/deployment-2025-11-10-151352/vendor/statamic/cms/src/Http/Middleware/StopImpersonating.php(12): Illuminate\\Pipeline\\Pipeline->Illuminate\\Pipeline\\{closure}(Object(Illuminate\\Http\\Request))
#21 /home/dlf_prod/domains/dutchlaravelfoundation.nl/deployment-2025-11-10-151352/vendor/laravel/framework/src/Illuminate/Pipeline/Pipeline.php(208): Statamic\\Http\\Middleware\\StopImpersonating->handle(Object(Illuminate\\Http\\Request), Object(Closure))
#22 /home/dlf_prod/domains/dutchlaravelfoundation.nl/deployment-2025-11-10-151352/vendor/statamic/cms/src/Http/Middleware/DisableFloc.php(17): Illuminate\\Pipeline\\Pipeline->Illuminate\\Pipeline\\{closure}(Object(Illuminate\\Http\\Request))
#23 /home/dlf_prod/domains/dutchlaravelfoundation.nl/deployment-2025-11-10-151352/vendor/laravel/framework/src/Illuminate/Pipeline/Pipeline.php(208): Statamic\\Http\\Middleware\\DisableFloc->handle(Object(Illuminate\\Http\\Request), Object(Closure))
#24 /home/dlf_prod/domains/dutchlaravelfoundation.nl/deployment-2025-11-10-151352/vendor/statamic/cms/src/Http/Middleware/CheckMultisite.php(15): Illuminate\\Pipeline\\Pipeline->Illuminate\\Pipeline\\{closure}(Object(Illuminate\\Http\\Request))
#25 /home/dlf_prod/domains/dutchlaravelfoundation.nl/deployment-2025-11-10-151352/vendor/laravel/framework/src/Illuminate/Pipeline/Pipeline.php(208): Statamic\\Http\\Middleware\\CheckMultisite->handle(Object(Illuminate\\Http\\Request), Object(Closure))
#26 /home/dlf_prod/domains/dutchlaravelfoundation.nl/deployment-2025-11-10-151352/vendor/statamic/cms/src/Http/Middleware/CheckComposerJsonScripts.php(14): Illuminate\\Pipeline\\Pipeline->Illuminate\\Pipeline\\{closure}(Object(Illuminate\\Http\\Request))
#27 /home/dlf_prod/domains/dutchlaravelfoundation.nl/deployment-2025-11-10-151352/vendor/laravel/framework/src/Illuminate/Pipeline/Pipeline.php(208): Statamic\\Http\\Middleware\\CheckComposerJsonScripts->handle(Object(Illuminate\\Http\\Request), Object(Closure))
#28 /home/dlf_prod/domains/dutchlaravelfoundation.nl/deployment-2025-11-10-151352/vendor/statamic/cms/src/Http/Middleware/PoweredByHeader.php(18): Illuminate\\Pipeline\\Pipeline->Illuminate\\Pipeline\\{closure}(Object(Illuminate\\Http\\Request))
#29 /home/dlf_prod/domains/dutchlaravelfoundation.nl/deployment-2025-11-10-151352/vendor/laravel/framework/src/Illuminate/Pipeline/Pipeline.php(208): Statamic\\Http\\Middleware\\PoweredByHeader->handle(Object(Illuminate\\Http\\Request), Object(Closure))
#30 /home/dlf_prod/domains/dutchlaravelfoundation.nl/deployment-2025-11-10-151352/vendor/laravel/framework/src/Illuminate/Foundation/Http/Middleware/TransformsRequest.php(21): Illuminate\\Pipeline\\Pipeline->Illuminate\\Pipeline\\{closure}(Object(Illuminate\\Http\\Request))
#31 /home/dlf_prod/domains/dutchlaravelfoundation.nl/deployment-2025-11-10-151352/vendor/laravel/framework/src/Illuminate/Foundation/Http/Middleware/ConvertEmptyStringsToNull.php(31): Illuminate\\Foundation\\Http\\Middleware\\TransformsRequest->handle(Object(Illuminate\\Http\\Request), Object(Closure))
#32 /home/dlf_prod/domains/dutchlaravelfoundation.nl/deployment-2025-11-10-151352/vendor/laravel/framework/src/Illuminate/Pipeline/Pipeline.php(208): Illuminate\\Foundation\\Http\\Middleware\\ConvertEmptyStringsToNull->handle(Object(Illuminate\\Http\\Request), Object(Closure))
#33 /home/dlf_prod/domains/dutchlaravelfoundation.nl/deployment-2025-11-10-151352/vendor/laravel/framework/src/Illuminate/Foundation/Http/Middleware/TransformsRequest.php(21): Illuminate\\Pipeline\\Pipeline->Illuminate\\Pipeline\\{closure}(Object(Illuminate\\Http\\Request))
#34 /home/dlf_prod/domains/dutchlaravelfoundation.nl/deployment-2025-11-10-151352/vendor/laravel/framework/src/Illuminate/Foundation/Http/Middleware/TrimStrings.php(51): Illuminate\\Foundation\\Http\\Middleware\\TransformsRequest->handle(Object(Illuminate\\Http\\Request), Object(Closure))
#35 /home/dlf_prod/domains/dutchlaravelfoundation.nl/deployment-2025-11-10-151352/vendor/laravel/framework/src/Illuminate/Pipeline/Pipeline.php(208): Illuminate\\Foundation\\Http\\Middleware\\TrimStrings->handle(Object(Illuminate\\Http\\Request), Object(Closure))
#36 /home/dlf_prod/domains/dutchlaravelfoundation.nl/deployment-2025-11-10-151352/vendor/laravel/framework/src/Illuminate/Http/Middleware/ValidatePostSize.php(27): Illuminate\\Pipeline\\Pipeline->Illuminate\\Pipeline\\{closure}(Object(Illuminate\\Http\\Request))
#37 /home/dlf_prod/domains/dutchlaravelfoundation.nl/deployment-2025-11-10-151352/vendor/laravel/framework/src/Illuminate/Pipeline/Pipeline.php(208): Illuminate\\Http\\Middleware\\ValidatePostSize->handle(Object(Illuminate\\Http\\Request), Object(Closure))
#38 /home/dlf_prod/domains/dutchlaravelfoundation.nl/deployment-2025-11-10-151352/vendor/laravel/framework/src/Illuminate/Foundation/Http/Middleware/PreventRequestsDuringMaintenance.php(109): Illuminate\\Pipeline\\Pipeline->Illuminate\\Pipeline\\{closure}(Object(Illuminate\\Http\\Request))
#39 /home/dlf_prod/domains/dutchlaravelfoundation.nl/deployment-2025-11-10-151352/vendor/laravel/framework/src/Illuminate/Pipeline/Pipeline.php(208): Illuminate\\Foundation\\Http\\Middleware\\PreventRequestsDuringMaintenance->handle(Object(Illuminate\\Http\\Request), Object(Closure))
#40 /home/dlf_prod/domains/dutchlaravelfoundation.nl/deployment-2025-11-10-151352/vendor/laravel/framework/src/Illuminate/Http/Middleware/HandleCors.php(48): Illuminate\\Pipeline\\Pipeline->Illuminate\\Pipeline\\{closure}(Object(Illuminate\\Http\\Request))
#41 /home/dlf_prod/domains/dutchlaravelfoundation.nl/deployment-2025-11-10-151352/vendor/laravel/framework/src/Illuminate/Pipeline/Pipeline.php(208): Illuminate\\Http\\Middleware\\HandleCors->handle(Object(Illuminate\\Http\\Request), Object(Closure))
#42 /home/dlf_prod/domains/dutchlaravelfoundation.nl/deployment-2025-11-10-151352/vendor/laravel/framework/src/Illuminate/Http/Middleware/TrustProxies.php(58): Illuminate\\Pipeline\\Pipeline->Illuminate\\Pipeline\\{closure}(Object(Illuminate\\Http\\Request))
#43 /home/dlf_prod/domains/dutchlaravelfoundation.nl/deployment-2025-11-10-151352/vendor/laravel/framework/src/Illuminate/Pipeline/Pipeline.php(208): Illuminate\\Http\\Middleware\\TrustProxies->handle(Object(Illuminate\\Http\\Request), Object(Closure))
#44 /home/dlf_prod/domains/dutchlaravelfoundation.nl/deployment-2025-11-10-151352/vendor/laravel/framework/src/Illuminate/Foundation/Http/Middleware/InvokeDeferredCallbacks.php(22): Illuminate\\Pipeline\\Pipeline->Illuminate\\Pipeline\\{closure}(Object(Illuminate\\Http\\Request))
#45 /home/dlf_prod/domains/dutchlaravelfoundation.nl/deployment-2025-11-10-151352/vendor/laravel/framework/src/Illuminate/Pipeline/Pipeline.php(208): Illuminate\\Foundation\\Http\\Middleware\\InvokeDeferredCallbacks->handle(Object(Illuminate\\Http\\Request), Object(Closure))
#46 /home/dlf_prod/domains/dutchlaravelfoundation.nl/deployment-2025-11-10-151352/vendor/laravel/framework/src/Illuminate/Http/Middleware/ValidatePathEncoding.php(26): Illuminate\\Pipeline\\Pipeline->Illuminate\\Pipeline\\{closure}(Object(Illuminate\\Http\\Request))
#47 /home/dlf_prod/domains/dutchlaravelfoundation.nl/deployment-2025-11-10-151352/vendor/laravel/framework/src/Illuminate/Pipeline/Pipeline.php(208): Illuminate\\Http\\Middleware\\ValidatePathEncoding->handle(Object(Illuminate\\Http\\Request), Object(Closure))
#48 /home/dlf_prod/domains/dutchlaravelfoundation.nl/deployment-2025-11-10-151352/vendor/laravel/framework/src/Illuminate/Pipeline/Pipeline.php(126): Illuminate\\Pipeline\\Pipeline->Illuminate\\Pipeline\\{closure}(Object(Illuminate\\Http\\Request))
#49 /home/dlf_prod/domains/dutchlaravelfoundation.nl/deployment-2025-11-10-151352/vendor/laravel/framework/src/Illuminate/Foundation/Http/Kernel.php(175): Illuminate\\Pipeline\\Pipeline->then(Object(Closure))
#50 /home/dlf_prod/domains/dutchlaravelfoundation.nl/deployment-2025-11-10-151352/vendor/laravel/framework/src/Illuminate/Foundation/Http/Kernel.php(144): Illuminate\\Foundation\\Http\\Kernel->sendRequestThroughRouter(Object(Illuminate\\Http\\Request))
#51 /home/dlf_prod/domains/dutchlaravelfoundation.nl/deployment-2025-11-10-151352/public/index.php(51): Illuminate\\Foundation\\Http\\Kernel->handle(Object(Illuminate\\Http\\Request))
#52 {main}
"} 
[2025-12-03 13:59:45] production.DEBUG: Cannot loop over non-loopable variable: {{ number_of_employees }} {"line":17,"file":"/home/dlf_prod/domains/dutchlaravelfoundation.nl/deployment-2025-11-10-151352/resources/views/templates/members/show.antlers.html"} 
[2025-12-03 15:16:39] production.DEBUG: Cannot loop over non-loopable variable: {{ number_of_employees }} {"line":17,"file":"/home/dlf_prod/domains/dutchlaravelfoundation.nl/deployment-2025-11-10-151352/resources/views/templates/members/show.antlers.html"} 
[2025-12-03 16:12:23] production.DEBUG: Cannot loop over non-loopable variable: {{ number_of_employees }} {"line":17,"file":"/home/dlf_prod/domains/dutchlaravelfoundation.nl/deployment-2025-11-10-151352/resources/views/templates/members/show.antlers.html"} 
[2025-12-03 18:07:43] production.DEBUG: Cannot loop over non-loopable variable: {{ number_of_employees }} {"line":17,"file":"/home/dlf_prod/domains/dutchlaravelfoundation.nl/deployment-2025-11-10-151352/resources/views/templates/members/show.antlers.html"} 
[2025-12-03 18:10:23] production.DEBUG: Cannot loop over non-loopable variable: {{ number_of_employees }} {"line":17,"file":"/home/dlf_prod/domains/dutchlaravelfoundation.nl/deployment-2025-11-10-151352/resources/views/templates/members/show.antlers.html"} 
[2025-12-03 19:56:54] production.DEBUG: Cannot loop over non-loopable variable: {{ number_of_employees }} {"line":17,"file":"/home/dlf_prod/domains/dutchlaravelfoundation.nl/deployment-2025-11-10-151352/resources/views/templates/members/show.antlers.html"} 
[2025-12-03 23:42:26] production.DEBUG: Cannot loop over non-loopable variable: {{ number_of_employees }} {"line":17,"file":"/home/dlf_prod/domains/dutchlaravelfoundation.nl/deployment-2025-11-10-151352/resources/views/templates/members/show.antlers.html"} 
