[2025-12-04 00:58:42] production.DEBUG: Cannot loop over non-loopable variable: {{ number_of_employees }} {"line":17,"file":"/home/dlf_prod/domains/dutchlaravelfoundation.nl/deployment-2025-11-10-151352/resources/views/templates/members/show.antlers.html"} 
[2025-12-04 10:35:23] production.DEBUG: Cannot loop over non-loopable variable: {{ number_of_employees }} {"line":17,"file":"/home/dlf_prod/domains/dutchlaravelfoundation.nl/deployment-2025-11-10-151352/resources/views/templates/members/show.antlers.html"} 
[2025-12-04 11:10:13] local.ERROR: Image [diabetes-wegwijzer_0.png] does not actually appear to be a valid image. {"userId":"50ac328e-5084-4c6e-9551-2fb5bb9f3d88","exception":"[object] (Exception(code: 0): Image [diabetes-wegwijzer_0.png] does not actually appear to be a valid image. at /Users/nckrtl/Projects/DLF/dutchlaravelfoundation/vendor/statamic/cms/src/Imaging/ImageGenerator.php:309)
[stacktrace]
#0 /Users/nckrtl/Projects/DLF/dutchlaravelfoundation/vendor/statamic/cms/src/Imaging/ImageGenerator.php(255): Statamic\\Imaging\\ImageGenerator->validateImage()
#1 /Users/nckrtl/Projects/DLF/dutchlaravelfoundation/vendor/statamic/cms/src/Imaging/ImageGenerator.php(167): Statamic\\Imaging\\ImageGenerator->generate('diabetes-wegwij...')
#2 /Users/nckrtl/Projects/DLF/dutchlaravelfoundation/vendor/statamic/cms/src/Imaging/ImageGenerator.php(150): Statamic\\Imaging\\ImageGenerator->doGenerateByAsset(Object(Statamic\\Assets\\Asset), Array)
#3 /Users/nckrtl/Projects/DLF/dutchlaravelfoundation/vendor/laravel/framework/src/Illuminate/Cache/Repository.php(472): Statamic\\Imaging\\ImageGenerator->{closure:Statamic\\Imaging\\ImageGenerator::generateByAsset():150}()
#4 /Users/nckrtl/Projects/DLF/dutchlaravelfoundation/vendor/statamic/cms/src/Imaging/ImageGenerator.php(148): Illuminate\\Cache\\Repository->rememberForever('asset::assets::...', Object(Closure))
#5 /Users/nckrtl/Projects/DLF/dutchlaravelfoundation/vendor/statamic/cms/src/Http/Controllers/CP/Assets/ThumbnailController.php(111): Statamic\\Imaging\\ImageGenerator->generateByAsset(Object(Statamic\\Assets\\Asset), Array)
#6 /Users/nckrtl/Projects/DLF/dutchlaravelfoundation/vendor/statamic/cms/src/Http/Controllers/CP/Assets/ThumbnailController.php(74): Statamic\\Http\\Controllers\\CP\\Assets\\ThumbnailController->generate()
#7 /Users/nckrtl/Projects/DLF/dutchlaravelfoundation/vendor/laravel/framework/src/Illuminate/Routing/Controller.php(54): Statamic\\Http\\Controllers\\CP\\Assets\\ThumbnailController->show('YXNzZXRzOjpkaWF...', 'small', NULL)
#8 /Users/nckrtl/Projects/DLF/dutchlaravelfoundation/vendor/laravel/framework/src/Illuminate/Routing/ControllerDispatcher.php(43): Illuminate\\Routing\\Controller->callAction('show', Array)
#9 /Users/nckrtl/Projects/DLF/dutchlaravelfoundation/vendor/laravel/framework/src/Illuminate/Routing/Route.php(265): Illuminate\\Routing\\ControllerDispatcher->dispatch(Object(Illuminate\\Routing\\Route), Object(Statamic\\Http\\Controllers\\CP\\Assets\\ThumbnailController), 'show')
#10 /Users/nckrtl/Projects/DLF/dutchlaravelfoundation/vendor/laravel/framework/src/Illuminate/Routing/Route.php(211): Illuminate\\Routing\\Route->runController()
#11 /Users/nckrtl/Projects/DLF/dutchlaravelfoundation/vendor/laravel/framework/src/Illuminate/Routing/Router.php(822): Illuminate\\Routing\\Route->run()
#12 /Users/nckrtl/Projects/DLF/dutchlaravelfoundation/vendor/laravel/framework/src/Illuminate/Pipeline/Pipeline.php(180): Illuminate\\Routing\\Router->{closure:Illuminate\\Routing\\Router::runRouteWithinStack():821}(Object(Illuminate\\Http\\Request))
#13 /Users/nckrtl/Projects/DLF/dutchlaravelfoundation/vendor/statamic/cms/src/Http/Middleware/DeleteTemporaryFileUploads.php(18): Illuminate\\Pipeline\\Pipeline->{closure:Illuminate\\Pipeline\\Pipeline::prepareDestination():178}(Object(Illuminate\\Http\\Request))
#14 /Users/nckrtl/Projects/DLF/dutchlaravelfoundation/vendor/laravel/framework/src/Illuminate/Pipeline/Pipeline.php(219): Statamic\\Http\\Middleware\\DeleteTemporaryFileUploads->handle(Object(Illuminate\\Http\\Request), Object(Closure))
#15 /Users/nckrtl/Projects/DLF/dutchlaravelfoundation/vendor/statamic/cms/src/Http/Middleware/CP/AddVaryHeaderToResponse.php(11): Illuminate\\Pipeline\\Pipeline->{closure:{closure:Illuminate\\Pipeline\\Pipeline::carry():194}:195}(Object(Illuminate\\Http\\Request))
#16 /Users/nckrtl/Projects/DLF/dutchlaravelfoundation/vendor/laravel/framework/src/Illuminate/Pipeline/Pipeline.php(219): Statamic\\Http\\Middleware\\CP\\AddVaryHeaderToResponse->handle(Object(Illuminate\\Http\\Request), Object(Closure))
#17 /Users/nckrtl/Projects/DLF/dutchlaravelfoundation/vendor/statamic/cms/src/Http/Middleware/CP/CountUsers.php(18): Illuminate\\Pipeline\\Pipeline->{closure:{closure:Illuminate\\Pipeline\\Pipeline::carry():194}:195}(Object(Illuminate\\Http\\Request))
#18 /Users/nckrtl/Projects/DLF/dutchlaravelfoundation/vendor/laravel/framework/src/Illuminate/Pipeline/Pipeline.php(219): Statamic\\Http\\Middleware\\CP\\CountUsers->handle(Object(Illuminate\\Http\\Request), Object(Closure))
#19 /Users/nckrtl/Projects/DLF/dutchlaravelfoundation/vendor/statamic/cms/src/Http/Middleware/CP/BootUtilities.php(14): Illuminate\\Pipeline\\Pipeline->{closure:{closure:Illuminate\\Pipeline\\Pipeline::carry():194}:195}(Object(Illuminate\\Http\\Request))
#20 /Users/nckrtl/Projects/DLF/dutchlaravelfoundation/vendor/laravel/framework/src/Illuminate/Pipeline/Pipeline.php(219): Statamic\\Http\\Middleware\\CP\\BootUtilities->handle(Object(Illuminate\\Http\\Request), Object(Closure))
#21 /Users/nckrtl/Projects/DLF/dutchlaravelfoundation/vendor/statamic/cms/src/Http/Middleware/CP/BootPreferences.php(14): Illuminate\\Pipeline\\Pipeline->{closure:{closure:Illuminate\\Pipeline\\Pipeline::carry():194}:195}(Object(Illuminate\\Http\\Request))
#22 /Users/nckrtl/Projects/DLF/dutchlaravelfoundation/vendor/laravel/framework/src/Illuminate/Pipeline/Pipeline.php(219): Statamic\\Http\\Middleware\\CP\\BootPreferences->handle(Object(Illuminate\\Http\\Request), Object(Closure))
#23 /Users/nckrtl/Projects/DLF/dutchlaravelfoundation/vendor/statamic/cms/src/Http/Middleware/CP/BootPermissions.php(14): Illuminate\\Pipeline\\Pipeline->{closure:{closure:Illuminate\\Pipeline\\Pipeline::carry():194}:195}(Object(Illuminate\\Http\\Request))
#24 /Users/nckrtl/Projects/DLF/dutchlaravelfoundation/vendor/laravel/framework/src/Illuminate/Pipeline/Pipeline.php(219): Statamic\\Http\\Middleware\\CP\\BootPermissions->handle(Object(Illuminate\\Http\\Request), Object(Closure))
#25 /Users/nckrtl/Projects/DLF/dutchlaravelfoundation/vendor/statamic/cms/src/Http/Middleware/CP/SelectedSite.php(17): Illuminate\\Pipeline\\Pipeline->{closure:{closure:Illuminate\\Pipeline\\Pipeline::carry():194}:195}(Object(Illuminate\\Http\\Request))
#26 /Users/nckrtl/Projects/DLF/dutchlaravelfoundation/vendor/laravel/framework/src/Illuminate/Pipeline/Pipeline.php(219): Statamic\\Http\\Middleware\\CP\\SelectedSite->handle(Object(Illuminate\\Http\\Request), Object(Closure))
#27 /Users/nckrtl/Projects/DLF/dutchlaravelfoundation/vendor/statamic/cms/src/Http/Middleware/CP/Localize.php(19): Illuminate\\Pipeline\\Pipeline->{closure:{closure:Illuminate\\Pipeline\\Pipeline::carry():194}:195}(Object(Illuminate\\Http\\Request))
#28 /Users/nckrtl/Projects/DLF/dutchlaravelfoundation/vendor/laravel/framework/src/Illuminate/Pipeline/Pipeline.php(219): Statamic\\Http\\Middleware\\CP\\Localize->handle(Object(Illuminate\\Http\\Request), Object(Closure))
#29 /Users/nckrtl/Projects/DLF/dutchlaravelfoundation/vendor/statamic/cms/src/Http/Middleware/CP/Authorize.php(25): Illuminate\\Pipeline\\Pipeline->{closure:{closure:Illuminate\\Pipeline\\Pipeline::carry():194}:195}(Object(Illuminate\\Http\\Request))
#30 /Users/nckrtl/Projects/DLF/dutchlaravelfoundation/vendor/laravel/framework/src/Illuminate/Pipeline/Pipeline.php(219): Statamic\\Http\\Middleware\\CP\\Authorize->handle(Object(Illuminate\\Http\\Request), Object(Closure))
#31 /Users/nckrtl/Projects/DLF/dutchlaravelfoundation/vendor/laravel/framework/src/Illuminate/Foundation/Http/Middleware/TransformsRequest.php(21): Illuminate\\Pipeline\\Pipeline->{closure:{closure:Illuminate\\Pipeline\\Pipeline::carry():194}:195}(Object(Illuminate\\Http\\Request))
#32 /Users/nckrtl/Projects/DLF/dutchlaravelfoundation/vendor/laravel/framework/src/Illuminate/Pipeline/Pipeline.php(219): Illuminate\\Foundation\\Http\\Middleware\\TransformsRequest->handle(Object(Illuminate\\Http\\Request), Object(Closure))
#33 /Users/nckrtl/Projects/DLF/dutchlaravelfoundation/vendor/statamic/cms/src/Http/Middleware/CP/AddToasts.php(22): Illuminate\\Pipeline\\Pipeline->{closure:{closure:Illuminate\\Pipeline\\Pipeline::carry():194}:195}(Object(Illuminate\\Http\\Request))
#34 /Users/nckrtl/Projects/DLF/dutchlaravelfoundation/vendor/laravel/framework/src/Illuminate/Pipeline/Pipeline.php(219): Statamic\\Http\\Middleware\\CP\\AddToasts->handle(Object(Illuminate\\Http\\Request), Object(Closure))
#35 /Users/nckrtl/Projects/DLF/dutchlaravelfoundation/vendor/statamic/cms/src/Http/Middleware/CP/AuthGuard.php(14): Illuminate\\Pipeline\\Pipeline->{closure:{closure:Illuminate\\Pipeline\\Pipeline::carry():194}:195}(Object(Illuminate\\Http\\Request))
#36 /Users/nckrtl/Projects/DLF/dutchlaravelfoundation/vendor/laravel/framework/src/Illuminate/Pipeline/Pipeline.php(219): Statamic\\Http\\Middleware\\CP\\AuthGuard->handle(Object(Illuminate\\Http\\Request), Object(Closure))
#37 /Users/nckrtl/Projects/DLF/dutchlaravelfoundation/vendor/statamic/cms/src/Http/Middleware/CP/ContactOutpost.php(21): Illuminate\\Pipeline\\Pipeline->{closure:{closure:Illuminate\\Pipeline\\Pipeline::carry():194}:195}(Object(Illuminate\\Http\\Request))
#38 /Users/nckrtl/Projects/DLF/dutchlaravelfoundation/vendor/laravel/framework/src/Illuminate/Pipeline/Pipeline.php(219): Statamic\\Http\\Middleware\\CP\\ContactOutpost->handle(Object(Illuminate\\Http\\Request), Object(Closure))
#39 /Users/nckrtl/Projects/DLF/dutchlaravelfoundation/vendor/laravel/framework/src/Illuminate/Routing/Middleware/SubstituteBindings.php(50): Illuminate\\Pipeline\\Pipeline->{closure:{closure:Illuminate\\Pipeline\\Pipeline::carry():194}:195}(Object(Illuminate\\Http\\Request))
#40 /Users/nckrtl/Projects/DLF/dutchlaravelfoundation/vendor/laravel/framework/src/Illuminate/Pipeline/Pipeline.php(219): Illuminate\\Routing\\Middleware\\SubstituteBindings->handle(Object(Illuminate\\Http\\Request), Object(Closure))
#41 /Users/nckrtl/Projects/DLF/dutchlaravelfoundation/vendor/laravel/framework/src/Illuminate/Session/Middleware/AuthenticateSession.php(66): Illuminate\\Pipeline\\Pipeline->{closure:{closure:Illuminate\\Pipeline\\Pipeline::carry():194}:195}(Object(Illuminate\\Http\\Request))
#42 /Users/nckrtl/Projects/DLF/dutchlaravelfoundation/vendor/laravel/framework/src/Illuminate/Pipeline/Pipeline.php(219): Illuminate\\Session\\Middleware\\AuthenticateSession->handle(Object(Illuminate\\Http\\Request), Object(Closure))
#43 /Users/nckrtl/Projects/DLF/dutchlaravelfoundation/vendor/laravel/framework/src/Illuminate/Foundation/Http/Middleware/VerifyCsrfToken.php(87): Illuminate\\Pipeline\\Pipeline->{closure:{closure:Illuminate\\Pipeline\\Pipeline::carry():194}:195}(Object(Illuminate\\Http\\Request))
#44 /Users/nckrtl/Projects/DLF/dutchlaravelfoundation/vendor/laravel/framework/src/Illuminate/Pipeline/Pipeline.php(219): Illuminate\\Foundation\\Http\\Middleware\\VerifyCsrfToken->handle(Object(Illuminate\\Http\\Request), Object(Closure))
#45 /Users/nckrtl/Projects/DLF/dutchlaravelfoundation/vendor/laravel/framework/src/Illuminate/View/Middleware/ShareErrorsFromSession.php(48): Illuminate\\Pipeline\\Pipeline->{closure:{closure:Illuminate\\Pipeline\\Pipeline::carry():194}:195}(Object(Illuminate\\Http\\Request))
#46 /Users/nckrtl/Projects/DLF/dutchlaravelfoundation/vendor/laravel/framework/src/Illuminate/Pipeline/Pipeline.php(219): Illuminate\\View\\Middleware\\ShareErrorsFromSession->handle(Object(Illuminate\\Http\\Request), Object(Closure))
#47 /Users/nckrtl/Projects/DLF/dutchlaravelfoundation/vendor/laravel/framework/src/Illuminate/Session/Middleware/StartSession.php(120): Illuminate\\Pipeline\\Pipeline->{closure:{closure:Illuminate\\Pipeline\\Pipeline::carry():194}:195}(Object(Illuminate\\Http\\Request))
#48 /Users/nckrtl/Projects/DLF/dutchlaravelfoundation/vendor/laravel/framework/src/Illuminate/Session/Middleware/StartSession.php(63): Illuminate\\Session\\Middleware\\StartSession->handleStatefulRequest(Object(Illuminate\\Http\\Request), Object(Illuminate\\Session\\Store), Object(Closure))
#49 /Users/nckrtl/Projects/DLF/dutchlaravelfoundation/vendor/laravel/framework/src/Illuminate/Pipeline/Pipeline.php(219): Illuminate\\Session\\Middleware\\StartSession->handle(Object(Illuminate\\Http\\Request), Object(Closure))
#50 /Users/nckrtl/Projects/DLF/dutchlaravelfoundation/vendor/laravel/framework/src/Illuminate/Cookie/Middleware/AddQueuedCookiesToResponse.php(36): Illuminate\\Pipeline\\Pipeline->{closure:{closure:Illuminate\\Pipeline\\Pipeline::carry():194}:195}(Object(Illuminate\\Http\\Request))
#51 /Users/nckrtl/Projects/DLF/dutchlaravelfoundation/vendor/laravel/framework/src/Illuminate/Pipeline/Pipeline.php(219): Illuminate\\Cookie\\Middleware\\AddQueuedCookiesToResponse->handle(Object(Illuminate\\Http\\Request), Object(Closure))
#52 /Users/nckrtl/Projects/DLF/dutchlaravelfoundation/vendor/laravel/framework/src/Illuminate/Cookie/Middleware/EncryptCookies.php(74): Illuminate\\Pipeline\\Pipeline->{closure:{closure:Illuminate\\Pipeline\\Pipeline::carry():194}:195}(Object(Illuminate\\Http\\Request))
#53 /Users/nckrtl/Projects/DLF/dutchlaravelfoundation/vendor/laravel/framework/src/Illuminate/Pipeline/Pipeline.php(219): Illuminate\\Cookie\\Middleware\\EncryptCookies->handle(Object(Illuminate\\Http\\Request), Object(Closure))
#54 /Users/nckrtl/Projects/DLF/dutchlaravelfoundation/vendor/statamic/cms/src/Http/Middleware/SwapExceptionHandler.php(19): Illuminate\\Pipeline\\Pipeline->{closure:{closure:Illuminate\\Pipeline\\Pipeline::carry():194}:195}(Object(Illuminate\\Http\\Request))
#55 /Users/nckrtl/Projects/DLF/dutchlaravelfoundation/vendor/laravel/framework/src/Illuminate/Pipeline/Pipeline.php(219): Statamic\\Http\\Middleware\\SwapExceptionHandler->handle(Object(Illuminate\\Http\\Request), Object(Closure))
#56 /Users/nckrtl/Projects/DLF/dutchlaravelfoundation/vendor/laravel/framework/src/Illuminate/Pipeline/Pipeline.php(137): Illuminate\\Pipeline\\Pipeline->{closure:{closure:Illuminate\\Pipeline\\Pipeline::carry():194}:195}(Object(Illuminate\\Http\\Request))
#57 /Users/nckrtl/Projects/DLF/dutchlaravelfoundation/vendor/laravel/framework/src/Illuminate/Routing/Router.php(821): Illuminate\\Pipeline\\Pipeline->then(Object(Closure))
#58 /Users/nckrtl/Projects/DLF/dutchlaravelfoundation/vendor/laravel/framework/src/Illuminate/Routing/Router.php(800): Illuminate\\Routing\\Router->runRouteWithinStack(Object(Illuminate\\Routing\\Route), Object(Illuminate\\Http\\Request))
#59 /Users/nckrtl/Projects/DLF/dutchlaravelfoundation/vendor/laravel/framework/src/Illuminate/Routing/Router.php(764): Illuminate\\Routing\\Router->runRoute(Object(Illuminate\\Http\\Request), Object(Illuminate\\Routing\\Route))
#60 /Users/nckrtl/Projects/DLF/dutchlaravelfoundation/vendor/laravel/framework/src/Illuminate/Routing/Router.php(753): Illuminate\\Routing\\Router->dispatchToRoute(Object(Illuminate\\Http\\Request))
#61 /Users/nckrtl/Projects/DLF/dutchlaravelfoundation/vendor/laravel/framework/src/Illuminate/Foundation/Http/Kernel.php(200): Illuminate\\Routing\\Router->dispatch(Object(Illuminate\\Http\\Request))
#62 /Users/nckrtl/Projects/DLF/dutchlaravelfoundation/vendor/laravel/framework/src/Illuminate/Pipeline/Pipeline.php(180): Illuminate\\Foundation\\Http\\Kernel->{closure:Illuminate\\Foundation\\Http\\Kernel::dispatchToRouter():197}(Object(Illuminate\\Http\\Request))
#63 /Users/nckrtl/Projects/DLF/dutchlaravelfoundation/vendor/statamic/cms/src/Http/Middleware/StopImpersonating.php(12): Illuminate\\Pipeline\\Pipeline->{closure:Illuminate\\Pipeline\\Pipeline::prepareDestination():178}(Object(Illuminate\\Http\\Request))
#64 /Users/nckrtl/Projects/DLF/dutchlaravelfoundation/vendor/laravel/framework/src/Illuminate/Pipeline/Pipeline.php(219): Statamic\\Http\\Middleware\\StopImpersonating->handle(Object(Illuminate\\Http\\Request), Object(Closure))
#65 /Users/nckrtl/Projects/DLF/dutchlaravelfoundation/vendor/statamic/cms/src/Http/Middleware/DisableFloc.php(17): Illuminate\\Pipeline\\Pipeline->{closure:{closure:Illuminate\\Pipeline\\Pipeline::carry():194}:195}(Object(Illuminate\\Http\\Request))
#66 /Users/nckrtl/Projects/DLF/dutchlaravelfoundation/vendor/laravel/framework/src/Illuminate/Pipeline/Pipeline.php(219): Statamic\\Http\\Middleware\\DisableFloc->handle(Object(Illuminate\\Http\\Request), Object(Closure))
#67 /Users/nckrtl/Projects/DLF/dutchlaravelfoundation/vendor/statamic/cms/src/Http/Middleware/CheckMultisite.php(15): Illuminate\\Pipeline\\Pipeline->{closure:{closure:Illuminate\\Pipeline\\Pipeline::carry():194}:195}(Object(Illuminate\\Http\\Request))
#68 /Users/nckrtl/Projects/DLF/dutchlaravelfoundation/vendor/laravel/framework/src/Illuminate/Pipeline/Pipeline.php(219): Statamic\\Http\\Middleware\\CheckMultisite->handle(Object(Illuminate\\Http\\Request), Object(Closure))
#69 /Users/nckrtl/Projects/DLF/dutchlaravelfoundation/vendor/statamic/cms/src/Http/Middleware/CheckComposerJsonScripts.php(21): Illuminate\\Pipeline\\Pipeline->{closure:{closure:Illuminate\\Pipeline\\Pipeline::carry():194}:195}(Object(Illuminate\\Http\\Request))
#70 /Users/nckrtl/Projects/DLF/dutchlaravelfoundation/vendor/laravel/framework/src/Illuminate/Pipeline/Pipeline.php(219): Statamic\\Http\\Middleware\\CheckComposerJsonScripts->handle(Object(Illuminate\\Http\\Request), Object(Closure))
#71 /Users/nckrtl/Projects/DLF/dutchlaravelfoundation/vendor/statamic/cms/src/Http/Middleware/PoweredByHeader.php(18): Illuminate\\Pipeline\\Pipeline->{closure:{closure:Illuminate\\Pipeline\\Pipeline::carry():194}:195}(Object(Illuminate\\Http\\Request))
#72 /Users/nckrtl/Projects/DLF/dutchlaravelfoundation/vendor/laravel/framework/src/Illuminate/Pipeline/Pipeline.php(219): Statamic\\Http\\Middleware\\PoweredByHeader->handle(Object(Illuminate\\Http\\Request), Object(Closure))
#73 /Users/nckrtl/Projects/DLF/dutchlaravelfoundation/vendor/barryvdh/laravel-debugbar/src/Middleware/InjectDebugbar.php(59): Illuminate\\Pipeline\\Pipeline->{closure:{closure:Illuminate\\Pipeline\\Pipeline::carry():194}:195}(Object(Illuminate\\Http\\Request))
#74 /Users/nckrtl/Projects/DLF/dutchlaravelfoundation/vendor/laravel/framework/src/Illuminate/Pipeline/Pipeline.php(219): Barryvdh\\Debugbar\\Middleware\\InjectDebugbar->handle(Object(Illuminate\\Http\\Request), Object(Closure))
#75 /Users/nckrtl/Projects/DLF/dutchlaravelfoundation/vendor/laravel/framework/src/Illuminate/Foundation/Http/Middleware/TransformsRequest.php(21): Illuminate\\Pipeline\\Pipeline->{closure:{closure:Illuminate\\Pipeline\\Pipeline::carry():194}:195}(Object(Illuminate\\Http\\Request))
#76 /Users/nckrtl/Projects/DLF/dutchlaravelfoundation/vendor/laravel/framework/src/Illuminate/Foundation/Http/Middleware/ConvertEmptyStringsToNull.php(31): Illuminate\\Foundation\\Http\\Middleware\\TransformsRequest->handle(Object(Illuminate\\Http\\Request), Object(Closure))
#77 /Users/nckrtl/Projects/DLF/dutchlaravelfoundation/vendor/laravel/framework/src/Illuminate/Pipeline/Pipeline.php(219): Illuminate\\Foundation\\Http\\Middleware\\ConvertEmptyStringsToNull->handle(Object(Illuminate\\Http\\Request), Object(Closure))
#78 /Users/nckrtl/Projects/DLF/dutchlaravelfoundation/vendor/laravel/framework/src/Illuminate/Foundation/Http/Middleware/TrimStrings.php(47): Illuminate\\Pipeline\\Pipeline->{closure:{closure:Illuminate\\Pipeline\\Pipeline::carry():194}:195}(Object(Illuminate\\Http\\Request))
#79 /Users/nckrtl/Projects/DLF/dutchlaravelfoundation/vendor/laravel/framework/src/Illuminate/Pipeline/Pipeline.php(219): Illuminate\\Foundation\\Http\\Middleware\\TrimStrings->handle(Object(Illuminate\\Http\\Request), Object(Closure))
#80 /Users/nckrtl/Projects/DLF/dutchlaravelfoundation/vendor/laravel/framework/src/Illuminate/Http/Middleware/ValidatePostSize.php(27): Illuminate\\Pipeline\\Pipeline->{closure:{closure:Illuminate\\Pipeline\\Pipeline::carry():194}:195}(Object(Illuminate\\Http\\Request))
#81 /Users/nckrtl/Projects/DLF/dutchlaravelfoundation/vendor/laravel/framework/src/Illuminate/Pipeline/Pipeline.php(219): Illuminate\\Http\\Middleware\\ValidatePostSize->handle(Object(Illuminate\\Http\\Request), Object(Closure))
#82 /Users/nckrtl/Projects/DLF/dutchlaravelfoundation/vendor/laravel/framework/src/Illuminate/Foundation/Http/Middleware/PreventRequestsDuringMaintenance.php(109): Illuminate\\Pipeline\\Pipeline->{closure:{closure:Illuminate\\Pipeline\\Pipeline::carry():194}:195}(Object(Illuminate\\Http\\Request))
#83 /Users/nckrtl/Projects/DLF/dutchlaravelfoundation/vendor/laravel/framework/src/Illuminate/Pipeline/Pipeline.php(219): Illuminate\\Foundation\\Http\\Middleware\\PreventRequestsDuringMaintenance->handle(Object(Illuminate\\Http\\Request), Object(Closure))
#84 /Users/nckrtl/Projects/DLF/dutchlaravelfoundation/vendor/laravel/framework/src/Illuminate/Http/Middleware/HandleCors.php(48): Illuminate\\Pipeline\\Pipeline->{closure:{closure:Illuminate\\Pipeline\\Pipeline::carry():194}:195}(Object(Illuminate\\Http\\Request))
#85 /Users/nckrtl/Projects/DLF/dutchlaravelfoundation/vendor/laravel/framework/src/Illuminate/Pipeline/Pipeline.php(219): Illuminate\\Http\\Middleware\\HandleCors->handle(Object(Illuminate\\Http\\Request), Object(Closure))
#86 /Users/nckrtl/Projects/DLF/dutchlaravelfoundation/vendor/laravel/framework/src/Illuminate/Http/Middleware/TrustProxies.php(58): Illuminate\\Pipeline\\Pipeline->{closure:{closure:Illuminate\\Pipeline\\Pipeline::carry():194}:195}(Object(Illuminate\\Http\\Request))
#87 /Users/nckrtl/Projects/DLF/dutchlaravelfoundation/vendor/laravel/framework/src/Illuminate/Pipeline/Pipeline.php(219): Illuminate\\Http\\Middleware\\TrustProxies->handle(Object(Illuminate\\Http\\Request), Object(Closure))
#88 /Users/nckrtl/Projects/DLF/dutchlaravelfoundation/vendor/laravel/framework/src/Illuminate/Foundation/Http/Middleware/InvokeDeferredCallbacks.php(22): Illuminate\\Pipeline\\Pipeline->{closure:{closure:Illuminate\\Pipeline\\Pipeline::carry():194}:195}(Object(Illuminate\\Http\\Request))
#89 /Users/nckrtl/Projects/DLF/dutchlaravelfoundation/vendor/laravel/framework/src/Illuminate/Pipeline/Pipeline.php(219): Illuminate\\Foundation\\Http\\Middleware\\InvokeDeferredCallbacks->handle(Object(Illuminate\\Http\\Request), Object(Closure))
#90 /Users/nckrtl/Projects/DLF/dutchlaravelfoundation/vendor/laravel/framework/src/Illuminate/Http/Middleware/ValidatePathEncoding.php(26): Illuminate\\Pipeline\\Pipeline->{closure:{closure:Illuminate\\Pipeline\\Pipeline::carry():194}:195}(Object(Illuminate\\Http\\Request))
#91 /Users/nckrtl/Projects/DLF/dutchlaravelfoundation/vendor/laravel/framework/src/Illuminate/Pipeline/Pipeline.php(219): Illuminate\\Http\\Middleware\\ValidatePathEncoding->handle(Object(Illuminate\\Http\\Request), Object(Closure))
#92 /Users/nckrtl/Projects/DLF/dutchlaravelfoundation/vendor/laravel/framework/src/Illuminate/Pipeline/Pipeline.php(137): Illuminate\\Pipeline\\Pipeline->{closure:{closure:Illuminate\\Pipeline\\Pipeline::carry():194}:195}(Object(Illuminate\\Http\\Request))
#93 /Users/nckrtl/Projects/DLF/dutchlaravelfoundation/vendor/laravel/framework/src/Illuminate/Foundation/Http/Kernel.php(175): Illuminate\\Pipeline\\Pipeline->then(Object(Closure))
#94 /Users/nckrtl/Projects/DLF/dutchlaravelfoundation/vendor/laravel/framework/src/Illuminate/Foundation/Http/Kernel.php(144): Illuminate\\Foundation\\Http\\Kernel->sendRequestThroughRouter(Object(Illuminate\\Http\\Request))
#95 /Users/nckrtl/Projects/DLF/dutchlaravelfoundation/public/index.php(51): Illuminate\\Foundation\\Http\\Kernel->handle(Object(Illuminate\\Http\\Request))
#96 /Applications/Herd.app/Contents/Resources/valet/server.php(167): require('/Users/nckrtl/P...')
#97 {main}
"} 
[2025-12-04 11:10:13] local.ERROR: Image [diabetes.nl-architectuur-16-10.png] does not actually appear to be a valid image. {"userId":"50ac328e-5084-4c6e-9551-2fb5bb9f3d88","exception":"[object] (Exception(code: 0): Image [diabetes.nl-architectuur-16-10.png] does not actually appear to be a valid image. at /Users/nckrtl/Projects/DLF/dutchlaravelfoundation/vendor/statamic/cms/src/Imaging/ImageGenerator.php:309)
[stacktrace]
#0 /Users/nckrtl/Projects/DLF/dutchlaravelfoundation/vendor/statamic/cms/src/Imaging/ImageGenerator.php(255): Statamic\\Imaging\\ImageGenerator->validateImage()
#1 /Users/nckrtl/Projects/DLF/dutchlaravelfoundation/vendor/statamic/cms/src/Imaging/ImageGenerator.php(167): Statamic\\Imaging\\ImageGenerator->generate('diabetes.nl-arc...')
#2 /Users/nckrtl/Projects/DLF/dutchlaravelfoundation/vendor/statamic/cms/src/Imaging/ImageGenerator.php(150): Statamic\\Imaging\\ImageGenerator->doGenerateByAsset(Object(Statamic\\Assets\\Asset), Array)
#3 /Users/nckrtl/Projects/DLF/dutchlaravelfoundation/vendor/laravel/framework/src/Illuminate/Cache/Repository.php(472): Statamic\\Imaging\\ImageGenerator->{closure:Statamic\\Imaging\\ImageGenerator::generateByAsset():150}()
#4 /Users/nckrtl/Projects/DLF/dutchlaravelfoundation/vendor/statamic/cms/src/Imaging/ImageGenerator.php(148): Illuminate\\Cache\\Repository->rememberForever('asset::assets::...', Object(Closure))
#5 /Users/nckrtl/Projects/DLF/dutchlaravelfoundation/vendor/statamic/cms/src/Http/Controllers/CP/Assets/ThumbnailController.php(111): Statamic\\Imaging\\ImageGenerator->generateByAsset(Object(Statamic\\Assets\\Asset), Array)
#6 /Users/nckrtl/Projects/DLF/dutchlaravelfoundation/vendor/statamic/cms/src/Http/Controllers/CP/Assets/ThumbnailController.php(74): Statamic\\Http\\Controllers\\CP\\Assets\\ThumbnailController->generate()
#7 /Users/nckrtl/Projects/DLF/dutchlaravelfoundation/vendor/laravel/framework/src/Illuminate/Routing/Controller.php(54): Statamic\\Http\\Controllers\\CP\\Assets\\ThumbnailController->show('YXNzZXRzOjpkaWF...', 'small', NULL)
#8 /Users/nckrtl/Projects/DLF/dutchlaravelfoundation/vendor/laravel/framework/src/Illuminate/Routing/ControllerDispatcher.php(43): Illuminate\\Routing\\Controller->callAction('show', Array)
#9 /Users/nckrtl/Projects/DLF/dutchlaravelfoundation/vendor/laravel/framework/src/Illuminate/Routing/Route.php(265): Illuminate\\Routing\\ControllerDispatcher->dispatch(Object(Illuminate\\Routing\\Route), Object(Statamic\\Http\\Controllers\\CP\\Assets\\ThumbnailController), 'show')
#10 /Users/nckrtl/Projects/DLF/dutchlaravelfoundation/vendor/laravel/framework/src/Illuminate/Routing/Route.php(211): Illuminate\\Routing\\Route->runController()
#11 /Users/nckrtl/Projects/DLF/dutchlaravelfoundation/vendor/laravel/framework/src/Illuminate/Routing/Router.php(822): Illuminate\\Routing\\Route->run()
#12 /Users/nckrtl/Projects/DLF/dutchlaravelfoundation/vendor/laravel/framework/src/Illuminate/Pipeline/Pipeline.php(180): Illuminate\\Routing\\Router->{closure:Illuminate\\Routing\\Router::runRouteWithinStack():821}(Object(Illuminate\\Http\\Request))
#13 /Users/nckrtl/Projects/DLF/dutchlaravelfoundation/vendor/statamic/cms/src/Http/Middleware/DeleteTemporaryFileUploads.php(18): Illuminate\\Pipeline\\Pipeline->{closure:Illuminate\\Pipeline\\Pipeline::prepareDestination():178}(Object(Illuminate\\Http\\Request))
#14 /Users/nckrtl/Projects/DLF/dutchlaravelfoundation/vendor/laravel/framework/src/Illuminate/Pipeline/Pipeline.php(219): Statamic\\Http\\Middleware\\DeleteTemporaryFileUploads->handle(Object(Illuminate\\Http\\Request), Object(Closure))
#15 /Users/nckrtl/Projects/DLF/dutchlaravelfoundation/vendor/statamic/cms/src/Http/Middleware/CP/AddVaryHeaderToResponse.php(11): Illuminate\\Pipeline\\Pipeline->{closure:{closure:Illuminate\\Pipeline\\Pipeline::carry():194}:195}(Object(Illuminate\\Http\\Request))
#16 /Users/nckrtl/Projects/DLF/dutchlaravelfoundation/vendor/laravel/framework/src/Illuminate/Pipeline/Pipeline.php(219): Statamic\\Http\\Middleware\\CP\\AddVaryHeaderToResponse->handle(Object(Illuminate\\Http\\Request), Object(Closure))
#17 /Users/nckrtl/Projects/DLF/dutchlaravelfoundation/vendor/statamic/cms/src/Http/Middleware/CP/CountUsers.php(18): Illuminate\\Pipeline\\Pipeline->{closure:{closure:Illuminate\\Pipeline\\Pipeline::carry():194}:195}(Object(Illuminate\\Http\\Request))
#18 /Users/nckrtl/Projects/DLF/dutchlaravelfoundation/vendor/laravel/framework/src/Illuminate/Pipeline/Pipeline.php(219): Statamic\\Http\\Middleware\\CP\\CountUsers->handle(Object(Illuminate\\Http\\Request), Object(Closure))
#19 /Users/nckrtl/Projects/DLF/dutchlaravelfoundation/vendor/statamic/cms/src/Http/Middleware/CP/BootUtilities.php(14): Illuminate\\Pipeline\\Pipeline->{closure:{closure:Illuminate\\Pipeline\\Pipeline::carry():194}:195}(Object(Illuminate\\Http\\Request))
#20 /Users/nckrtl/Projects/DLF/dutchlaravelfoundation/vendor/laravel/framework/src/Illuminate/Pipeline/Pipeline.php(219): Statamic\\Http\\Middleware\\CP\\BootUtilities->handle(Object(Illuminate\\Http\\Request), Object(Closure))
#21 /Users/nckrtl/Projects/DLF/dutchlaravelfoundation/vendor/statamic/cms/src/Http/Middleware/CP/BootPreferences.php(14): Illuminate\\Pipeline\\Pipeline->{closure:{closure:Illuminate\\Pipeline\\Pipeline::carry():194}:195}(Object(Illuminate\\Http\\Request))
#22 /Users/nckrtl/Projects/DLF/dutchlaravelfoundation/vendor/laravel/framework/src/Illuminate/Pipeline/Pipeline.php(219): Statamic\\Http\\Middleware\\CP\\BootPreferences->handle(Object(Illuminate\\Http\\Request), Object(Closure))
#23 /Users/nckrtl/Projects/DLF/dutchlaravelfoundation/vendor/statamic/cms/src/Http/Middleware/CP/BootPermissions.php(14): Illuminate\\Pipeline\\Pipeline->{closure:{closure:Illuminate\\Pipeline\\Pipeline::carry():194}:195}(Object(Illuminate\\Http\\Request))
#24 /Users/nckrtl/Projects/DLF/dutchlaravelfoundation/vendor/laravel/framework/src/Illuminate/Pipeline/Pipeline.php(219): Statamic\\Http\\Middleware\\CP\\BootPermissions->handle(Object(Illuminate\\Http\\Request), Object(Closure))
#25 /Users/nckrtl/Projects/DLF/dutchlaravelfoundation/vendor/statamic/cms/src/Http/Middleware/CP/SelectedSite.php(17): Illuminate\\Pipeline\\Pipeline->{closure:{closure:Illuminate\\Pipeline\\Pipeline::carry():194}:195}(Object(Illuminate\\Http\\Request))
#26 /Users/nckrtl/Projects/DLF/dutchlaravelfoundation/vendor/laravel/framework/src/Illuminate/Pipeline/Pipeline.php(219): Statamic\\Http\\Middleware\\CP\\SelectedSite->handle(Object(Illuminate\\Http\\Request), Object(Closure))
#27 /Users/nckrtl/Projects/DLF/dutchlaravelfoundation/vendor/statamic/cms/src/Http/Middleware/CP/Localize.php(19): Illuminate\\Pipeline\\Pipeline->{closure:{closure:Illuminate\\Pipeline\\Pipeline::carry():194}:195}(Object(Illuminate\\Http\\Request))
#28 /Users/nckrtl/Projects/DLF/dutchlaravelfoundation/vendor/laravel/framework/src/Illuminate/Pipeline/Pipeline.php(219): Statamic\\Http\\Middleware\\CP\\Localize->handle(Object(Illuminate\\Http\\Request), Object(Closure))
#29 /Users/nckrtl/Projects/DLF/dutchlaravelfoundation/vendor/statamic/cms/src/Http/Middleware/CP/Authorize.php(25): Illuminate\\Pipeline\\Pipeline->{closure:{closure:Illuminate\\Pipeline\\Pipeline::carry():194}:195}(Object(Illuminate\\Http\\Request))
#30 /Users/nckrtl/Projects/DLF/dutchlaravelfoundation/vendor/laravel/framework/src/Illuminate/Pipeline/Pipeline.php(219): Statamic\\Http\\Middleware\\CP\\Authorize->handle(Object(Illuminate\\Http\\Request), Object(Closure))
#31 /Users/nckrtl/Projects/DLF/dutchlaravelfoundation/vendor/laravel/framework/src/Illuminate/Foundation/Http/Middleware/TransformsRequest.php(21): Illuminate\\Pipeline\\Pipeline->{closure:{closure:Illuminate\\Pipeline\\Pipeline::carry():194}:195}(Object(Illuminate\\Http\\Request))
#32 /Users/nckrtl/Projects/DLF/dutchlaravelfoundation/vendor/laravel/framework/src/Illuminate/Pipeline/Pipeline.php(219): Illuminate\\Foundation\\Http\\Middleware\\TransformsRequest->handle(Object(Illuminate\\Http\\Request), Object(Closure))
#33 /Users/nckrtl/Projects/DLF/dutchlaravelfoundation/vendor/statamic/cms/src/Http/Middleware/CP/AddToasts.php(22): Illuminate\\Pipeline\\Pipeline->{closure:{closure:Illuminate\\Pipeline\\Pipeline::carry():194}:195}(Object(Illuminate\\Http\\Request))
#34 /Users/nckrtl/Projects/DLF/dutchlaravelfoundation/vendor/laravel/framework/src/Illuminate/Pipeline/Pipeline.php(219): Statamic\\Http\\Middleware\\CP\\AddToasts->handle(Object(Illuminate\\Http\\Request), Object(Closure))
#35 /Users/nckrtl/Projects/DLF/dutchlaravelfoundation/vendor/statamic/cms/src/Http/Middleware/CP/AuthGuard.php(14): Illuminate\\Pipeline\\Pipeline->{closure:{closure:Illuminate\\Pipeline\\Pipeline::carry():194}:195}(Object(Illuminate\\Http\\Request))
#36 /Users/nckrtl/Projects/DLF/dutchlaravelfoundation/vendor/laravel/framework/src/Illuminate/Pipeline/Pipeline.php(219): Statamic\\Http\\Middleware\\CP\\AuthGuard->handle(Object(Illuminate\\Http\\Request), Object(Closure))
#37 /Users/nckrtl/Projects/DLF/dutchlaravelfoundation/vendor/statamic/cms/src/Http/Middleware/CP/ContactOutpost.php(21): Illuminate\\Pipeline\\Pipeline->{closure:{closure:Illuminate\\Pipeline\\Pipeline::carry():194}:195}(Object(Illuminate\\Http\\Request))
#38 /Users/nckrtl/Projects/DLF/dutchlaravelfoundation/vendor/laravel/framework/src/Illuminate/Pipeline/Pipeline.php(219): Statamic\\Http\\Middleware\\CP\\ContactOutpost->handle(Object(Illuminate\\Http\\Request), Object(Closure))
#39 /Users/nckrtl/Projects/DLF/dutchlaravelfoundation/vendor/laravel/framework/src/Illuminate/Routing/Middleware/SubstituteBindings.php(50): Illuminate\\Pipeline\\Pipeline->{closure:{closure:Illuminate\\Pipeline\\Pipeline::carry():194}:195}(Object(Illuminate\\Http\\Request))
#40 /Users/nckrtl/Projects/DLF/dutchlaravelfoundation/vendor/laravel/framework/src/Illuminate/Pipeline/Pipeline.php(219): Illuminate\\Routing\\Middleware\\SubstituteBindings->handle(Object(Illuminate\\Http\\Request), Object(Closure))
#41 /Users/nckrtl/Projects/DLF/dutchlaravelfoundation/vendor/laravel/framework/src/Illuminate/Session/Middleware/AuthenticateSession.php(66): Illuminate\\Pipeline\\Pipeline->{closure:{closure:Illuminate\\Pipeline\\Pipeline::carry():194}:195}(Object(Illuminate\\Http\\Request))
#42 /Users/nckrtl/Projects/DLF/dutchlaravelfoundation/vendor/laravel/framework/src/Illuminate/Pipeline/Pipeline.php(219): Illuminate\\Session\\Middleware\\AuthenticateSession->handle(Object(Illuminate\\Http\\Request), Object(Closure))
#43 /Users/nckrtl/Projects/DLF/dutchlaravelfoundation/vendor/laravel/framework/src/Illuminate/Foundation/Http/Middleware/VerifyCsrfToken.php(87): Illuminate\\Pipeline\\Pipeline->{closure:{closure:Illuminate\\Pipeline\\Pipeline::carry():194}:195}(Object(Illuminate\\Http\\Request))
#44 /Users/nckrtl/Projects/DLF/dutchlaravelfoundation/vendor/laravel/framework/src/Illuminate/Pipeline/Pipeline.php(219): Illuminate\\Foundation\\Http\\Middleware\\VerifyCsrfToken->handle(Object(Illuminate\\Http\\Request), Object(Closure))
#45 /Users/nckrtl/Projects/DLF/dutchlaravelfoundation/vendor/laravel/framework/src/Illuminate/View/Middleware/ShareErrorsFromSession.php(48): Illuminate\\Pipeline\\Pipeline->{closure:{closure:Illuminate\\Pipeline\\Pipeline::carry():194}:195}(Object(Illuminate\\Http\\Request))
#46 /Users/nckrtl/Projects/DLF/dutchlaravelfoundation/vendor/laravel/framework/src/Illuminate/Pipeline/Pipeline.php(219): Illuminate\\View\\Middleware\\ShareErrorsFromSession->handle(Object(Illuminate\\Http\\Request), Object(Closure))
#47 /Users/nckrtl/Projects/DLF/dutchlaravelfoundation/vendor/laravel/framework/src/Illuminate/Session/Middleware/StartSession.php(120): Illuminate\\Pipeline\\Pipeline->{closure:{closure:Illuminate\\Pipeline\\Pipeline::carry():194}:195}(Object(Illuminate\\Http\\Request))
#48 /Users/nckrtl/Projects/DLF/dutchlaravelfoundation/vendor/laravel/framework/src/Illuminate/Session/Middleware/StartSession.php(63): Illuminate\\Session\\Middleware\\StartSession->handleStatefulRequest(Object(Illuminate\\Http\\Request), Object(Illuminate\\Session\\Store), Object(Closure))
#49 /Users/nckrtl/Projects/DLF/dutchlaravelfoundation/vendor/laravel/framework/src/Illuminate/Pipeline/Pipeline.php(219): Illuminate\\Session\\Middleware\\StartSession->handle(Object(Illuminate\\Http\\Request), Object(Closure))
#50 /Users/nckrtl/Projects/DLF/dutchlaravelfoundation/vendor/laravel/framework/src/Illuminate/Cookie/Middleware/AddQueuedCookiesToResponse.php(36): Illuminate\\Pipeline\\Pipeline->{closure:{closure:Illuminate\\Pipeline\\Pipeline::carry():194}:195}(Object(Illuminate\\Http\\Request))
#51 /Users/nckrtl/Projects/DLF/dutchlaravelfoundation/vendor/laravel/framework/src/Illuminate/Pipeline/Pipeline.php(219): Illuminate\\Cookie\\Middleware\\AddQueuedCookiesToResponse->handle(Object(Illuminate\\Http\\Request), Object(Closure))
#52 /Users/nckrtl/Projects/DLF/dutchlaravelfoundation/vendor/laravel/framework/src/Illuminate/Cookie/Middleware/EncryptCookies.php(74): Illuminate\\Pipeline\\Pipeline->{closure:{closure:Illuminate\\Pipeline\\Pipeline::carry():194}:195}(Object(Illuminate\\Http\\Request))
#53 /Users/nckrtl/Projects/DLF/dutchlaravelfoundation/vendor/laravel/framework/src/Illuminate/Pipeline/Pipeline.php(219): Illuminate\\Cookie\\Middleware\\EncryptCookies->handle(Object(Illuminate\\Http\\Request), Object(Closure))
#54 /Users/nckrtl/Projects/DLF/dutchlaravelfoundation/vendor/statamic/cms/src/Http/Middleware/SwapExceptionHandler.php(19): Illuminate\\Pipeline\\Pipeline->{closure:{closure:Illuminate\\Pipeline\\Pipeline::carry():194}:195}(Object(Illuminate\\Http\\Request))
#55 /Users/nckrtl/Projects/DLF/dutchlaravelfoundation/vendor/laravel/framework/src/Illuminate/Pipeline/Pipeline.php(219): Statamic\\Http\\Middleware\\SwapExceptionHandler->handle(Object(Illuminate\\Http\\Request), Object(Closure))
#56 /Users/nckrtl/Projects/DLF/dutchlaravelfoundation/vendor/laravel/framework/src/Illuminate/Pipeline/Pipeline.php(137): Illuminate\\Pipeline\\Pipeline->{closure:{closure:Illuminate\\Pipeline\\Pipeline::carry():194}:195}(Object(Illuminate\\Http\\Request))
#57 /Users/nckrtl/Projects/DLF/dutchlaravelfoundation/vendor/laravel/framework/src/Illuminate/Routing/Router.php(821): Illuminate\\Pipeline\\Pipeline->then(Object(Closure))
#58 /Users/nckrtl/Projects/DLF/dutchlaravelfoundation/vendor/laravel/framework/src/Illuminate/Routing/Router.php(800): Illuminate\\Routing\\Router->runRouteWithinStack(Object(Illuminate\\Routing\\Route), Object(Illuminate\\Http\\Request))
#59 /Users/nckrtl/Projects/DLF/dutchlaravelfoundation/vendor/laravel/framework/src/Illuminate/Routing/Router.php(764): Illuminate\\Routing\\Router->runRoute(Object(Illuminate\\Http\\Request), Object(Illuminate\\Routing\\Route))
#60 /Users/nckrtl/Projects/DLF/dutchlaravelfoundation/vendor/laravel/framework/src/Illuminate/Routing/Router.php(753): Illuminate\\Routing\\Router->dispatchToRoute(Object(Illuminate\\Http\\Request))
#61 /Users/nckrtl/Projects/DLF/dutchlaravelfoundation/vendor/laravel/framework/src/Illuminate/Foundation/Http/Kernel.php(200): Illuminate\\Routing\\Router->dispatch(Object(Illuminate\\Http\\Request))
#62 /Users/nckrtl/Projects/DLF/dutchlaravelfoundation/vendor/laravel/framework/src/Illuminate/Pipeline/Pipeline.php(180): Illuminate\\Foundation\\Http\\Kernel->{closure:Illuminate\\Foundation\\Http\\Kernel::dispatchToRouter():197}(Object(Illuminate\\Http\\Request))
#63 /Users/nckrtl/Projects/DLF/dutchlaravelfoundation/vendor/statamic/cms/src/Http/Middleware/StopImpersonating.php(12): Illuminate\\Pipeline\\Pipeline->{closure:Illuminate\\Pipeline\\Pipeline::prepareDestination():178}(Object(Illuminate\\Http\\Request))
#64 /Users/nckrtl/Projects/DLF/dutchlaravelfoundation/vendor/laravel/framework/src/Illuminate/Pipeline/Pipeline.php(219): Statamic\\Http\\Middleware\\StopImpersonating->handle(Object(Illuminate\\Http\\Request), Object(Closure))
#65 /Users/nckrtl/Projects/DLF/dutchlaravelfoundation/vendor/statamic/cms/src/Http/Middleware/DisableFloc.php(17): Illuminate\\Pipeline\\Pipeline->{closure:{closure:Illuminate\\Pipeline\\Pipeline::carry():194}:195}(Object(Illuminate\\Http\\Request))
#66 /Users/nckrtl/Projects/DLF/dutchlaravelfoundation/vendor/laravel/framework/src/Illuminate/Pipeline/Pipeline.php(219): Statamic\\Http\\Middleware\\DisableFloc->handle(Object(Illuminate\\Http\\Request), Object(Closure))
#67 /Users/nckrtl/Projects/DLF/dutchlaravelfoundation/vendor/statamic/cms/src/Http/Middleware/CheckMultisite.php(15): Illuminate\\Pipeline\\Pipeline->{closure:{closure:Illuminate\\Pipeline\\Pipeline::carry():194}:195}(Object(Illuminate\\Http\\Request))
#68 /Users/nckrtl/Projects/DLF/dutchlaravelfoundation/vendor/laravel/framework/src/Illuminate/Pipeline/Pipeline.php(219): Statamic\\Http\\Middleware\\CheckMultisite->handle(Object(Illuminate\\Http\\Request), Object(Closure))
#69 /Users/nckrtl/Projects/DLF/dutchlaravelfoundation/vendor/statamic/cms/src/Http/Middleware/CheckComposerJsonScripts.php(21): Illuminate\\Pipeline\\Pipeline->{closure:{closure:Illuminate\\Pipeline\\Pipeline::carry():194}:195}(Object(Illuminate\\Http\\Request))
#70 /Users/nckrtl/Projects/DLF/dutchlaravelfoundation/vendor/laravel/framework/src/Illuminate/Pipeline/Pipeline.php(219): Statamic\\Http\\Middleware\\CheckComposerJsonScripts->handle(Object(Illuminate\\Http\\Request), Object(Closure))
#71 /Users/nckrtl/Projects/DLF/dutchlaravelfoundation/vendor/statamic/cms/src/Http/Middleware/PoweredByHeader.php(18): Illuminate\\Pipeline\\Pipeline->{closure:{closure:Illuminate\\Pipeline\\Pipeline::carry():194}:195}(Object(Illuminate\\Http\\Request))
#72 /Users/nckrtl/Projects/DLF/dutchlaravelfoundation/vendor/laravel/framework/src/Illuminate/Pipeline/Pipeline.php(219): Statamic\\Http\\Middleware\\PoweredByHeader->handle(Object(Illuminate\\Http\\Request), Object(Closure))
#73 /Users/nckrtl/Projects/DLF/dutchlaravelfoundation/vendor/barryvdh/laravel-debugbar/src/Middleware/InjectDebugbar.php(59): Illuminate\\Pipeline\\Pipeline->{closure:{closure:Illuminate\\Pipeline\\Pipeline::carry():194}:195}(Object(Illuminate\\Http\\Request))
#74 /Users/nckrtl/Projects/DLF/dutchlaravelfoundation/vendor/laravel/framework/src/Illuminate/Pipeline/Pipeline.php(219): Barryvdh\\Debugbar\\Middleware\\InjectDebugbar->handle(Object(Illuminate\\Http\\Request), Object(Closure))
#75 /Users/nckrtl/Projects/DLF/dutchlaravelfoundation/vendor/laravel/framework/src/Illuminate/Foundation/Http/Middleware/TransformsRequest.php(21): Illuminate\\Pipeline\\Pipeline->{closure:{closure:Illuminate\\Pipeline\\Pipeline::carry():194}:195}(Object(Illuminate\\Http\\Request))
#76 /Users/nckrtl/Projects/DLF/dutchlaravelfoundation/vendor/laravel/framework/src/Illuminate/Foundation/Http/Middleware/ConvertEmptyStringsToNull.php(31): Illuminate\\Foundation\\Http\\Middleware\\TransformsRequest->handle(Object(Illuminate\\Http\\Request), Object(Closure))
#77 /Users/nckrtl/Projects/DLF/dutchlaravelfoundation/vendor/laravel/framework/src/Illuminate/Pipeline/Pipeline.php(219): Illuminate\\Foundation\\Http\\Middleware\\ConvertEmptyStringsToNull->handle(Object(Illuminate\\Http\\Request), Object(Closure))
#78 /Users/nckrtl/Projects/DLF/dutchlaravelfoundation/vendor/laravel/framework/src/Illuminate/Foundation/Http/Middleware/TrimStrings.php(47): Illuminate\\Pipeline\\Pipeline->{closure:{closure:Illuminate\\Pipeline\\Pipeline::carry():194}:195}(Object(Illuminate\\Http\\Request))
#79 /Users/nckrtl/Projects/DLF/dutchlaravelfoundation/vendor/laravel/framework/src/Illuminate/Pipeline/Pipeline.php(219): Illuminate\\Foundation\\Http\\Middleware\\TrimStrings->handle(Object(Illuminate\\Http\\Request), Object(Closure))
#80 /Users/nckrtl/Projects/DLF/dutchlaravelfoundation/vendor/laravel/framework/src/Illuminate/Http/Middleware/ValidatePostSize.php(27): Illuminate\\Pipeline\\Pipeline->{closure:{closure:Illuminate\\Pipeline\\Pipeline::carry():194}:195}(Object(Illuminate\\Http\\Request))
#81 /Users/nckrtl/Projects/DLF/dutchlaravelfoundation/vendor/laravel/framework/src/Illuminate/Pipeline/Pipeline.php(219): Illuminate\\Http\\Middleware\\ValidatePostSize->handle(Object(Illuminate\\Http\\Request), Object(Closure))
#82 /Users/nckrtl/Projects/DLF/dutchlaravelfoundation/vendor/laravel/framework/src/Illuminate/Foundation/Http/Middleware/PreventRequestsDuringMaintenance.php(109): Illuminate\\Pipeline\\Pipeline->{closure:{closure:Illuminate\\Pipeline\\Pipeline::carry():194}:195}(Object(Illuminate\\Http\\Request))
#83 /Users/nckrtl/Projects/DLF/dutchlaravelfoundation/vendor/laravel/framework/src/Illuminate/Pipeline/Pipeline.php(219): Illuminate\\Foundation\\Http\\Middleware\\PreventRequestsDuringMaintenance->handle(Object(Illuminate\\Http\\Request), Object(Closure))
#84 /Users/nckrtl/Projects/DLF/dutchlaravelfoundation/vendor/laravel/framework/src/Illuminate/Http/Middleware/HandleCors.php(48): Illuminate\\Pipeline\\Pipeline->{closure:{closure:Illuminate\\Pipeline\\Pipeline::carry():194}:195}(Object(Illuminate\\Http\\Request))
#85 /Users/nckrtl/Projects/DLF/dutchlaravelfoundation/vendor/laravel/framework/src/Illuminate/Pipeline/Pipeline.php(219): Illuminate\\Http\\Middleware\\HandleCors->handle(Object(Illuminate\\Http\\Request), Object(Closure))
#86 /Users/nckrtl/Projects/DLF/dutchlaravelfoundation/vendor/laravel/framework/src/Illuminate/Http/Middleware/TrustProxies.php(58): Illuminate\\Pipeline\\Pipeline->{closure:{closure:Illuminate\\Pipeline\\Pipeline::carry():194}:195}(Object(Illuminate\\Http\\Request))
#87 /Users/nckrtl/Projects/DLF/dutchlaravelfoundation/vendor/laravel/framework/src/Illuminate/Pipeline/Pipeline.php(219): Illuminate\\Http\\Middleware\\TrustProxies->handle(Object(Illuminate\\Http\\Request), Object(Closure))
#88 /Users/nckrtl/Projects/DLF/dutchlaravelfoundation/vendor/laravel/framework/src/Illuminate/Foundation/Http/Middleware/InvokeDeferredCallbacks.php(22): Illuminate\\Pipeline\\Pipeline->{closure:{closure:Illuminate\\Pipeline\\Pipeline::carry():194}:195}(Object(Illuminate\\Http\\Request))
#89 /Users/nckrtl/Projects/DLF/dutchlaravelfoundation/vendor/laravel/framework/src/Illuminate/Pipeline/Pipeline.php(219): Illuminate\\Foundation\\Http\\Middleware\\InvokeDeferredCallbacks->handle(Object(Illuminate\\Http\\Request), Object(Closure))
#90 /Users/nckrtl/Projects/DLF/dutchlaravelfoundation/vendor/laravel/framework/src/Illuminate/Http/Middleware/ValidatePathEncoding.php(26): Illuminate\\Pipeline\\Pipeline->{closure:{closure:Illuminate\\Pipeline\\Pipeline::carry():194}:195}(Object(Illuminate\\Http\\Request))
#91 /Users/nckrtl/Projects/DLF/dutchlaravelfoundation/vendor/laravel/framework/src/Illuminate/Pipeline/Pipeline.php(219): Illuminate\\Http\\Middleware\\ValidatePathEncoding->handle(Object(Illuminate\\Http\\Request), Object(Closure))
#92 /Users/nckrtl/Projects/DLF/dutchlaravelfoundation/vendor/laravel/framework/src/Illuminate/Pipeline/Pipeline.php(137): Illuminate\\Pipeline\\Pipeline->{closure:{closure:Illuminate\\Pipeline\\Pipeline::carry():194}:195}(Object(Illuminate\\Http\\Request))
#93 /Users/nckrtl/Projects/DLF/dutchlaravelfoundation/vendor/laravel/framework/src/Illuminate/Foundation/Http/Kernel.php(175): Illuminate\\Pipeline\\Pipeline->then(Object(Closure))
#94 /Users/nckrtl/Projects/DLF/dutchlaravelfoundation/vendor/laravel/framework/src/Illuminate/Foundation/Http/Kernel.php(144): Illuminate\\Foundation\\Http\\Kernel->sendRequestThroughRouter(Object(Illuminate\\Http\\Request))
#95 /Users/nckrtl/Projects/DLF/dutchlaravelfoundation/public/index.php(51): Illuminate\\Foundation\\Http\\Kernel->handle(Object(Illuminate\\Http\\Request))
#96 /Applications/Herd.app/Contents/Resources/valet/server.php(167): require('/Users/nckrtl/P...')
#97 {main}
"} 
[2025-12-04 11:13:29] local.ERROR: Image [diabetes.nl-architectuur-16-10.png] does not actually appear to be a valid image. {"userId":"50ac328e-5084-4c6e-9551-2fb5bb9f3d88","exception":"[object] (Exception(code: 0): Image [diabetes.nl-architectuur-16-10.png] does not actually appear to be a valid image. at /Users/nckrtl/Projects/DLF/dutchlaravelfoundation/vendor/statamic/cms/src/Imaging/ImageGenerator.php:309)
[stacktrace]
#0 /Users/nckrtl/Projects/DLF/dutchlaravelfoundation/vendor/statamic/cms/src/Imaging/ImageGenerator.php(255): Statamic\\Imaging\\ImageGenerator->validateImage()
#1 /Users/nckrtl/Projects/DLF/dutchlaravelfoundation/vendor/statamic/cms/src/Imaging/ImageGenerator.php(167): Statamic\\Imaging\\ImageGenerator->generate('diabetes.nl-arc...')
#2 /Users/nckrtl/Projects/DLF/dutchlaravelfoundation/vendor/statamic/cms/src/Imaging/ImageGenerator.php(150): Statamic\\Imaging\\ImageGenerator->doGenerateByAsset(Object(Statamic\\Assets\\Asset), Array)
#3 /Users/nckrtl/Projects/DLF/dutchlaravelfoundation/vendor/laravel/framework/src/Illuminate/Cache/Repository.php(472): Statamic\\Imaging\\ImageGenerator->{closure:Statamic\\Imaging\\ImageGenerator::generateByAsset():150}()
#4 /Users/nckrtl/Projects/DLF/dutchlaravelfoundation/vendor/statamic/cms/src/Imaging/ImageGenerator.php(148): Illuminate\\Cache\\Repository->rememberForever('asset::assets::...', Object(Closure))
#5 /Users/nckrtl/Projects/DLF/dutchlaravelfoundation/vendor/statamic/cms/src/Http/Controllers/CP/Assets/ThumbnailController.php(111): Statamic\\Imaging\\ImageGenerator->generateByAsset(Object(Statamic\\Assets\\Asset), Array)
#6 /Users/nckrtl/Projects/DLF/dutchlaravelfoundation/vendor/statamic/cms/src/Http/Controllers/CP/Assets/ThumbnailController.php(74): Statamic\\Http\\Controllers\\CP\\Assets\\ThumbnailController->generate()
#7 /Users/nckrtl/Projects/DLF/dutchlaravelfoundation/vendor/laravel/framework/src/Illuminate/Routing/Controller.php(54): Statamic\\Http\\Controllers\\CP\\Assets\\ThumbnailController->show('YXNzZXRzOjpkaWF...', 'small', NULL)
#8 /Users/nckrtl/Projects/DLF/dutchlaravelfoundation/vendor/laravel/framework/src/Illuminate/Routing/ControllerDispatcher.php(43): Illuminate\\Routing\\Controller->callAction('show', Array)
#9 /Users/nckrtl/Projects/DLF/dutchlaravelfoundation/vendor/laravel/framework/src/Illuminate/Routing/Route.php(265): Illuminate\\Routing\\ControllerDispatcher->dispatch(Object(Illuminate\\Routing\\Route), Object(Statamic\\Http\\Controllers\\CP\\Assets\\ThumbnailController), 'show')
#10 /Users/nckrtl/Projects/DLF/dutchlaravelfoundation/vendor/laravel/framework/src/Illuminate/Routing/Route.php(211): Illuminate\\Routing\\Route->runController()
#11 /Users/nckrtl/Projects/DLF/dutchlaravelfoundation/vendor/laravel/framework/src/Illuminate/Routing/Router.php(822): Illuminate\\Routing\\Route->run()
#12 /Users/nckrtl/Projects/DLF/dutchlaravelfoundation/vendor/laravel/framework/src/Illuminate/Pipeline/Pipeline.php(180): Illuminate\\Routing\\Router->{closure:Illuminate\\Routing\\Router::runRouteWithinStack():821}(Object(Illuminate\\Http\\Request))
#13 /Users/nckrtl/Projects/DLF/dutchlaravelfoundation/vendor/statamic/cms/src/Http/Middleware/DeleteTemporaryFileUploads.php(18): Illuminate\\Pipeline\\Pipeline->{closure:Illuminate\\Pipeline\\Pipeline::prepareDestination():178}(Object(Illuminate\\Http\\Request))
#14 /Users/nckrtl/Projects/DLF/dutchlaravelfoundation/vendor/laravel/framework/src/Illuminate/Pipeline/Pipeline.php(219): Statamic\\Http\\Middleware\\DeleteTemporaryFileUploads->handle(Object(Illuminate\\Http\\Request), Object(Closure))
#15 /Users/nckrtl/Projects/DLF/dutchlaravelfoundation/vendor/statamic/cms/src/Http/Middleware/CP/AddVaryHeaderToResponse.php(11): Illuminate\\Pipeline\\Pipeline->{closure:{closure:Illuminate\\Pipeline\\Pipeline::carry():194}:195}(Object(Illuminate\\Http\\Request))
#16 /Users/nckrtl/Projects/DLF/dutchlaravelfoundation/vendor/laravel/framework/src/Illuminate/Pipeline/Pipeline.php(219): Statamic\\Http\\Middleware\\CP\\AddVaryHeaderToResponse->handle(Object(Illuminate\\Http\\Request), Object(Closure))
#17 /Users/nckrtl/Projects/DLF/dutchlaravelfoundation/vendor/statamic/cms/src/Http/Middleware/CP/CountUsers.php(18): Illuminate\\Pipeline\\Pipeline->{closure:{closure:Illuminate\\Pipeline\\Pipeline::carry():194}:195}(Object(Illuminate\\Http\\Request))
#18 /Users/nckrtl/Projects/DLF/dutchlaravelfoundation/vendor/laravel/framework/src/Illuminate/Pipeline/Pipeline.php(219): Statamic\\Http\\Middleware\\CP\\CountUsers->handle(Object(Illuminate\\Http\\Request), Object(Closure))
#19 /Users/nckrtl/Projects/DLF/dutchlaravelfoundation/vendor/statamic/cms/src/Http/Middleware/CP/BootUtilities.php(14): Illuminate\\Pipeline\\Pipeline->{closure:{closure:Illuminate\\Pipeline\\Pipeline::carry():194}:195}(Object(Illuminate\\Http\\Request))
#20 /Users/nckrtl/Projects/DLF/dutchlaravelfoundation/vendor/laravel/framework/src/Illuminate/Pipeline/Pipeline.php(219): Statamic\\Http\\Middleware\\CP\\BootUtilities->handle(Object(Illuminate\\Http\\Request), Object(Closure))
#21 /Users/nckrtl/Projects/DLF/dutchlaravelfoundation/vendor/statamic/cms/src/Http/Middleware/CP/BootPreferences.php(14): Illuminate\\Pipeline\\Pipeline->{closure:{closure:Illuminate\\Pipeline\\Pipeline::carry():194}:195}(Object(Illuminate\\Http\\Request))
#22 /Users/nckrtl/Projects/DLF/dutchlaravelfoundation/vendor/laravel/framework/src/Illuminate/Pipeline/Pipeline.php(219): Statamic\\Http\\Middleware\\CP\\BootPreferences->handle(Object(Illuminate\\Http\\Request), Object(Closure))
#23 /Users/nckrtl/Projects/DLF/dutchlaravelfoundation/vendor/statamic/cms/src/Http/Middleware/CP/BootPermissions.php(14): Illuminate\\Pipeline\\Pipeline->{closure:{closure:Illuminate\\Pipeline\\Pipeline::carry():194}:195}(Object(Illuminate\\Http\\Request))
#24 /Users/nckrtl/Projects/DLF/dutchlaravelfoundation/vendor/laravel/framework/src/Illuminate/Pipeline/Pipeline.php(219): Statamic\\Http\\Middleware\\CP\\BootPermissions->handle(Object(Illuminate\\Http\\Request), Object(Closure))
#25 /Users/nckrtl/Projects/DLF/dutchlaravelfoundation/vendor/statamic/cms/src/Http/Middleware/CP/SelectedSite.php(17): Illuminate\\Pipeline\\Pipeline->{closure:{closure:Illuminate\\Pipeline\\Pipeline::carry():194}:195}(Object(Illuminate\\Http\\Request))
#26 /Users/nckrtl/Projects/DLF/dutchlaravelfoundation/vendor/laravel/framework/src/Illuminate/Pipeline/Pipeline.php(219): Statamic\\Http\\Middleware\\CP\\SelectedSite->handle(Object(Illuminate\\Http\\Request), Object(Closure))
#27 /Users/nckrtl/Projects/DLF/dutchlaravelfoundation/vendor/statamic/cms/src/Http/Middleware/CP/Localize.php(19): Illuminate\\Pipeline\\Pipeline->{closure:{closure:Illuminate\\Pipeline\\Pipeline::carry():194}:195}(Object(Illuminate\\Http\\Request))
#28 /Users/nckrtl/Projects/DLF/dutchlaravelfoundation/vendor/laravel/framework/src/Illuminate/Pipeline/Pipeline.php(219): Statamic\\Http\\Middleware\\CP\\Localize->handle(Object(Illuminate\\Http\\Request), Object(Closure))
#29 /Users/nckrtl/Projects/DLF/dutchlaravelfoundation/vendor/statamic/cms/src/Http/Middleware/CP/Authorize.php(25): Illuminate\\Pipeline\\Pipeline->{closure:{closure:Illuminate\\Pipeline\\Pipeline::carry():194}:195}(Object(Illuminate\\Http\\Request))
#30 /Users/nckrtl/Projects/DLF/dutchlaravelfoundation/vendor/laravel/framework/src/Illuminate/Pipeline/Pipeline.php(219): Statamic\\Http\\Middleware\\CP\\Authorize->handle(Object(Illuminate\\Http\\Request), Object(Closure))
#31 /Users/nckrtl/Projects/DLF/dutchlaravelfoundation/vendor/laravel/framework/src/Illuminate/Foundation/Http/Middleware/TransformsRequest.php(21): Illuminate\\Pipeline\\Pipeline->{closure:{closure:Illuminate\\Pipeline\\Pipeline::carry():194}:195}(Object(Illuminate\\Http\\Request))
#32 /Users/nckrtl/Projects/DLF/dutchlaravelfoundation/vendor/laravel/framework/src/Illuminate/Pipeline/Pipeline.php(219): Illuminate\\Foundation\\Http\\Middleware\\TransformsRequest->handle(Object(Illuminate\\Http\\Request), Object(Closure))
#33 /Users/nckrtl/Projects/DLF/dutchlaravelfoundation/vendor/statamic/cms/src/Http/Middleware/CP/AddToasts.php(22): Illuminate\\Pipeline\\Pipeline->{closure:{closure:Illuminate\\Pipeline\\Pipeline::carry():194}:195}(Object(Illuminate\\Http\\Request))
#34 /Users/nckrtl/Projects/DLF/dutchlaravelfoundation/vendor/laravel/framework/src/Illuminate/Pipeline/Pipeline.php(219): Statamic\\Http\\Middleware\\CP\\AddToasts->handle(Object(Illuminate\\Http\\Request), Object(Closure))
#35 /Users/nckrtl/Projects/DLF/dutchlaravelfoundation/vendor/statamic/cms/src/Http/Middleware/CP/AuthGuard.php(14): Illuminate\\Pipeline\\Pipeline->{closure:{closure:Illuminate\\Pipeline\\Pipeline::carry():194}:195}(Object(Illuminate\\Http\\Request))
#36 /Users/nckrtl/Projects/DLF/dutchlaravelfoundation/vendor/laravel/framework/src/Illuminate/Pipeline/Pipeline.php(219): Statamic\\Http\\Middleware\\CP\\AuthGuard->handle(Object(Illuminate\\Http\\Request), Object(Closure))
#37 /Users/nckrtl/Projects/DLF/dutchlaravelfoundation/vendor/statamic/cms/src/Http/Middleware/CP/ContactOutpost.php(21): Illuminate\\Pipeline\\Pipeline->{closure:{closure:Illuminate\\Pipeline\\Pipeline::carry():194}:195}(Object(Illuminate\\Http\\Request))
#38 /Users/nckrtl/Projects/DLF/dutchlaravelfoundation/vendor/laravel/framework/src/Illuminate/Pipeline/Pipeline.php(219): Statamic\\Http\\Middleware\\CP\\ContactOutpost->handle(Object(Illuminate\\Http\\Request), Object(Closure))
#39 /Users/nckrtl/Projects/DLF/dutchlaravelfoundation/vendor/laravel/framework/src/Illuminate/Routing/Middleware/SubstituteBindings.php(50): Illuminate\\Pipeline\\Pipeline->{closure:{closure:Illuminate\\Pipeline\\Pipeline::carry():194}:195}(Object(Illuminate\\Http\\Request))
#40 /Users/nckrtl/Projects/DLF/dutchlaravelfoundation/vendor/laravel/framework/src/Illuminate/Pipeline/Pipeline.php(219): Illuminate\\Routing\\Middleware\\SubstituteBindings->handle(Object(Illuminate\\Http\\Request), Object(Closure))
#41 /Users/nckrtl/Projects/DLF/dutchlaravelfoundation/vendor/laravel/framework/src/Illuminate/Session/Middleware/AuthenticateSession.php(66): Illuminate\\Pipeline\\Pipeline->{closure:{closure:Illuminate\\Pipeline\\Pipeline::carry():194}:195}(Object(Illuminate\\Http\\Request))
#42 /Users/nckrtl/Projects/DLF/dutchlaravelfoundation/vendor/laravel/framework/src/Illuminate/Pipeline/Pipeline.php(219): Illuminate\\Session\\Middleware\\AuthenticateSession->handle(Object(Illuminate\\Http\\Request), Object(Closure))
#43 /Users/nckrtl/Projects/DLF/dutchlaravelfoundation/vendor/laravel/framework/src/Illuminate/Foundation/Http/Middleware/VerifyCsrfToken.php(87): Illuminate\\Pipeline\\Pipeline->{closure:{closure:Illuminate\\Pipeline\\Pipeline::carry():194}:195}(Object(Illuminate\\Http\\Request))
#44 /Users/nckrtl/Projects/DLF/dutchlaravelfoundation/vendor/laravel/framework/src/Illuminate/Pipeline/Pipeline.php(219): Illuminate\\Foundation\\Http\\Middleware\\VerifyCsrfToken->handle(Object(Illuminate\\Http\\Request), Object(Closure))
#45 /Users/nckrtl/Projects/DLF/dutchlaravelfoundation/vendor/laravel/framework/src/Illuminate/View/Middleware/ShareErrorsFromSession.php(48): Illuminate\\Pipeline\\Pipeline->{closure:{closure:Illuminate\\Pipeline\\Pipeline::carry():194}:195}(Object(Illuminate\\Http\\Request))
#46 /Users/nckrtl/Projects/DLF/dutchlaravelfoundation/vendor/laravel/framework/src/Illuminate/Pipeline/Pipeline.php(219): Illuminate\\View\\Middleware\\ShareErrorsFromSession->handle(Object(Illuminate\\Http\\Request), Object(Closure))
#47 /Users/nckrtl/Projects/DLF/dutchlaravelfoundation/vendor/laravel/framework/src/Illuminate/Session/Middleware/StartSession.php(120): Illuminate\\Pipeline\\Pipeline->{closure:{closure:Illuminate\\Pipeline\\Pipeline::carry():194}:195}(Object(Illuminate\\Http\\Request))
#48 /Users/nckrtl/Projects/DLF/dutchlaravelfoundation/vendor/laravel/framework/src/Illuminate/Session/Middleware/StartSession.php(63): Illuminate\\Session\\Middleware\\StartSession->handleStatefulRequest(Object(Illuminate\\Http\\Request), Object(Illuminate\\Session\\Store), Object(Closure))
#49 /Users/nckrtl/Projects/DLF/dutchlaravelfoundation/vendor/laravel/framework/src/Illuminate/Pipeline/Pipeline.php(219): Illuminate\\Session\\Middleware\\StartSession->handle(Object(Illuminate\\Http\\Request), Object(Closure))
#50 /Users/nckrtl/Projects/DLF/dutchlaravelfoundation/vendor/laravel/framework/src/Illuminate/Cookie/Middleware/AddQueuedCookiesToResponse.php(36): Illuminate\\Pipeline\\Pipeline->{closure:{closure:Illuminate\\Pipeline\\Pipeline::carry():194}:195}(Object(Illuminate\\Http\\Request))
#51 /Users/nckrtl/Projects/DLF/dutchlaravelfoundation/vendor/laravel/framework/src/Illuminate/Pipeline/Pipeline.php(219): Illuminate\\Cookie\\Middleware\\AddQueuedCookiesToResponse->handle(Object(Illuminate\\Http\\Request), Object(Closure))
#52 /Users/nckrtl/Projects/DLF/dutchlaravelfoundation/vendor/laravel/framework/src/Illuminate/Cookie/Middleware/EncryptCookies.php(74): Illuminate\\Pipeline\\Pipeline->{closure:{closure:Illuminate\\Pipeline\\Pipeline::carry():194}:195}(Object(Illuminate\\Http\\Request))
#53 /Users/nckrtl/Projects/DLF/dutchlaravelfoundation/vendor/laravel/framework/src/Illuminate/Pipeline/Pipeline.php(219): Illuminate\\Cookie\\Middleware\\EncryptCookies->handle(Object(Illuminate\\Http\\Request), Object(Closure))
#54 /Users/nckrtl/Projects/DLF/dutchlaravelfoundation/vendor/statamic/cms/src/Http/Middleware/SwapExceptionHandler.php(19): Illuminate\\Pipeline\\Pipeline->{closure:{closure:Illuminate\\Pipeline\\Pipeline::carry():194}:195}(Object(Illuminate\\Http\\Request))
#55 /Users/nckrtl/Projects/DLF/dutchlaravelfoundation/vendor/laravel/framework/src/Illuminate/Pipeline/Pipeline.php(219): Statamic\\Http\\Middleware\\SwapExceptionHandler->handle(Object(Illuminate\\Http\\Request), Object(Closure))
#56 /Users/nckrtl/Projects/DLF/dutchlaravelfoundation/vendor/laravel/framework/src/Illuminate/Pipeline/Pipeline.php(137): Illuminate\\Pipeline\\Pipeline->{closure:{closure:Illuminate\\Pipeline\\Pipeline::carry():194}:195}(Object(Illuminate\\Http\\Request))
#57 /Users/nckrtl/Projects/DLF/dutchlaravelfoundation/vendor/laravel/framework/src/Illuminate/Routing/Router.php(821): Illuminate\\Pipeline\\Pipeline->then(Object(Closure))
#58 /Users/nckrtl/Projects/DLF/dutchlaravelfoundation/vendor/laravel/framework/src/Illuminate/Routing/Router.php(800): Illuminate\\Routing\\Router->runRouteWithinStack(Object(Illuminate\\Routing\\Route), Object(Illuminate\\Http\\Request))
#59 /Users/nckrtl/Projects/DLF/dutchlaravelfoundation/vendor/laravel/framework/src/Illuminate/Routing/Router.php(764): Illuminate\\Routing\\Router->runRoute(Object(Illuminate\\Http\\Request), Object(Illuminate\\Routing\\Route))
#60 /Users/nckrtl/Projects/DLF/dutchlaravelfoundation/vendor/laravel/framework/src/Illuminate/Routing/Router.php(753): Illuminate\\Routing\\Router->dispatchToRoute(Object(Illuminate\\Http\\Request))
#61 /Users/nckrtl/Projects/DLF/dutchlaravelfoundation/vendor/laravel/framework/src/Illuminate/Foundation/Http/Kernel.php(200): Illuminate\\Routing\\Router->dispatch(Object(Illuminate\\Http\\Request))
#62 /Users/nckrtl/Projects/DLF/dutchlaravelfoundation/vendor/laravel/framework/src/Illuminate/Pipeline/Pipeline.php(180): Illuminate\\Foundation\\Http\\Kernel->{closure:Illuminate\\Foundation\\Http\\Kernel::dispatchToRouter():197}(Object(Illuminate\\Http\\Request))
#63 /Users/nckrtl/Projects/DLF/dutchlaravelfoundation/vendor/statamic/cms/src/Http/Middleware/StopImpersonating.php(12): Illuminate\\Pipeline\\Pipeline->{closure:Illuminate\\Pipeline\\Pipeline::prepareDestination():178}(Object(Illuminate\\Http\\Request))
#64 /Users/nckrtl/Projects/DLF/dutchlaravelfoundation/vendor/laravel/framework/src/Illuminate/Pipeline/Pipeline.php(219): Statamic\\Http\\Middleware\\StopImpersonating->handle(Object(Illuminate\\Http\\Request), Object(Closure))
#65 /Users/nckrtl/Projects/DLF/dutchlaravelfoundation/vendor/statamic/cms/src/Http/Middleware/DisableFloc.php(17): Illuminate\\Pipeline\\Pipeline->{closure:{closure:Illuminate\\Pipeline\\Pipeline::carry():194}:195}(Object(Illuminate\\Http\\Request))
#66 /Users/nckrtl/Projects/DLF/dutchlaravelfoundation/vendor/laravel/framework/src/Illuminate/Pipeline/Pipeline.php(219): Statamic\\Http\\Middleware\\DisableFloc->handle(Object(Illuminate\\Http\\Request), Object(Closure))
#67 /Users/nckrtl/Projects/DLF/dutchlaravelfoundation/vendor/statamic/cms/src/Http/Middleware/CheckMultisite.php(15): Illuminate\\Pipeline\\Pipeline->{closure:{closure:Illuminate\\Pipeline\\Pipeline::carry():194}:195}(Object(Illuminate\\Http\\Request))
#68 /Users/nckrtl/Projects/DLF/dutchlaravelfoundation/vendor/laravel/framework/src/Illuminate/Pipeline/Pipeline.php(219): Statamic\\Http\\Middleware\\CheckMultisite->handle(Object(Illuminate\\Http\\Request), Object(Closure))
#69 /Users/nckrtl/Projects/DLF/dutchlaravelfoundation/vendor/statamic/cms/src/Http/Middleware/CheckComposerJsonScripts.php(21): Illuminate\\Pipeline\\Pipeline->{closure:{closure:Illuminate\\Pipeline\\Pipeline::carry():194}:195}(Object(Illuminate\\Http\\Request))
#70 /Users/nckrtl/Projects/DLF/dutchlaravelfoundation/vendor/laravel/framework/src/Illuminate/Pipeline/Pipeline.php(219): Statamic\\Http\\Middleware\\CheckComposerJsonScripts->handle(Object(Illuminate\\Http\\Request), Object(Closure))
#71 /Users/nckrtl/Projects/DLF/dutchlaravelfoundation/vendor/statamic/cms/src/Http/Middleware/PoweredByHeader.php(18): Illuminate\\Pipeline\\Pipeline->{closure:{closure:Illuminate\\Pipeline\\Pipeline::carry():194}:195}(Object(Illuminate\\Http\\Request))
#72 /Users/nckrtl/Projects/DLF/dutchlaravelfoundation/vendor/laravel/framework/src/Illuminate/Pipeline/Pipeline.php(219): Statamic\\Http\\Middleware\\PoweredByHeader->handle(Object(Illuminate\\Http\\Request), Object(Closure))
#73 /Users/nckrtl/Projects/DLF/dutchlaravelfoundation/vendor/barryvdh/laravel-debugbar/src/Middleware/InjectDebugbar.php(59): Illuminate\\Pipeline\\Pipeline->{closure:{closure:Illuminate\\Pipeline\\Pipeline::carry():194}:195}(Object(Illuminate\\Http\\Request))
#74 /Users/nckrtl/Projects/DLF/dutchlaravelfoundation/vendor/laravel/framework/src/Illuminate/Pipeline/Pipeline.php(219): Barryvdh\\Debugbar\\Middleware\\InjectDebugbar->handle(Object(Illuminate\\Http\\Request), Object(Closure))
#75 /Users/nckrtl/Projects/DLF/dutchlaravelfoundation/vendor/laravel/framework/src/Illuminate/Foundation/Http/Middleware/TransformsRequest.php(21): Illuminate\\Pipeline\\Pipeline->{closure:{closure:Illuminate\\Pipeline\\Pipeline::carry():194}:195}(Object(Illuminate\\Http\\Request))
#76 /Users/nckrtl/Projects/DLF/dutchlaravelfoundation/vendor/laravel/framework/src/Illuminate/Foundation/Http/Middleware/ConvertEmptyStringsToNull.php(31): Illuminate\\Foundation\\Http\\Middleware\\TransformsRequest->handle(Object(Illuminate\\Http\\Request), Object(Closure))
#77 /Users/nckrtl/Projects/DLF/dutchlaravelfoundation/vendor/laravel/framework/src/Illuminate/Pipeline/Pipeline.php(219): Illuminate\\Foundation\\Http\\Middleware\\ConvertEmptyStringsToNull->handle(Object(Illuminate\\Http\\Request), Object(Closure))
#78 /Users/nckrtl/Projects/DLF/dutchlaravelfoundation/vendor/laravel/framework/src/Illuminate/Foundation/Http/Middleware/TrimStrings.php(47): Illuminate\\Pipeline\\Pipeline->{closure:{closure:Illuminate\\Pipeline\\Pipeline::carry():194}:195}(Object(Illuminate\\Http\\Request))
#79 /Users/nckrtl/Projects/DLF/dutchlaravelfoundation/vendor/laravel/framework/src/Illuminate/Pipeline/Pipeline.php(219): Illuminate\\Foundation\\Http\\Middleware\\TrimStrings->handle(Object(Illuminate\\Http\\Request), Object(Closure))
#80 /Users/nckrtl/Projects/DLF/dutchlaravelfoundation/vendor/laravel/framework/src/Illuminate/Http/Middleware/ValidatePostSize.php(27): Illuminate\\Pipeline\\Pipeline->{closure:{closure:Illuminate\\Pipeline\\Pipeline::carry():194}:195}(Object(Illuminate\\Http\\Request))
#81 /Users/nckrtl/Projects/DLF/dutchlaravelfoundation/vendor/laravel/framework/src/Illuminate/Pipeline/Pipeline.php(219): Illuminate\\Http\\Middleware\\ValidatePostSize->handle(Object(Illuminate\\Http\\Request), Object(Closure))
#82 /Users/nckrtl/Projects/DLF/dutchlaravelfoundation/vendor/laravel/framework/src/Illuminate/Foundation/Http/Middleware/PreventRequestsDuringMaintenance.php(109): Illuminate\\Pipeline\\Pipeline->{closure:{closure:Illuminate\\Pipeline\\Pipeline::carry():194}:195}(Object(Illuminate\\Http\\Request))
#83 /Users/nckrtl/Projects/DLF/dutchlaravelfoundation/vendor/laravel/framework/src/Illuminate/Pipeline/Pipeline.php(219): Illuminate\\Foundation\\Http\\Middleware\\PreventRequestsDuringMaintenance->handle(Object(Illuminate\\Http\\Request), Object(Closure))
#84 /Users/nckrtl/Projects/DLF/dutchlaravelfoundation/vendor/laravel/framework/src/Illuminate/Http/Middleware/HandleCors.php(48): Illuminate\\Pipeline\\Pipeline->{closure:{closure:Illuminate\\Pipeline\\Pipeline::carry():194}:195}(Object(Illuminate\\Http\\Request))
#85 /Users/nckrtl/Projects/DLF/dutchlaravelfoundation/vendor/laravel/framework/src/Illuminate/Pipeline/Pipeline.php(219): Illuminate\\Http\\Middleware\\HandleCors->handle(Object(Illuminate\\Http\\Request), Object(Closure))
#86 /Users/nckrtl/Projects/DLF/dutchlaravelfoundation/vendor/laravel/framework/src/Illuminate/Http/Middleware/TrustProxies.php(58): Illuminate\\Pipeline\\Pipeline->{closure:{closure:Illuminate\\Pipeline\\Pipeline::carry():194}:195}(Object(Illuminate\\Http\\Request))
#87 /Users/nckrtl/Projects/DLF/dutchlaravelfoundation/vendor/laravel/framework/src/Illuminate/Pipeline/Pipeline.php(219): Illuminate\\Http\\Middleware\\TrustProxies->handle(Object(Illuminate\\Http\\Request), Object(Closure))
#88 /Users/nckrtl/Projects/DLF/dutchlaravelfoundation/vendor/laravel/framework/src/Illuminate/Foundation/Http/Middleware/InvokeDeferredCallbacks.php(22): Illuminate\\Pipeline\\Pipeline->{closure:{closure:Illuminate\\Pipeline\\Pipeline::carry():194}:195}(Object(Illuminate\\Http\\Request))
#89 /Users/nckrtl/Projects/DLF/dutchlaravelfoundation/vendor/laravel/framework/src/Illuminate/Pipeline/Pipeline.php(219): Illuminate\\Foundation\\Http\\Middleware\\InvokeDeferredCallbacks->handle(Object(Illuminate\\Http\\Request), Object(Closure))
#90 /Users/nckrtl/Projects/DLF/dutchlaravelfoundation/vendor/laravel/framework/src/Illuminate/Http/Middleware/ValidatePathEncoding.php(26): Illuminate\\Pipeline\\Pipeline->{closure:{closure:Illuminate\\Pipeline\\Pipeline::carry():194}:195}(Object(Illuminate\\Http\\Request))
#91 /Users/nckrtl/Projects/DLF/dutchlaravelfoundation/vendor/laravel/framework/src/Illuminate/Pipeline/Pipeline.php(219): Illuminate\\Http\\Middleware\\ValidatePathEncoding->handle(Object(Illuminate\\Http\\Request), Object(Closure))
#92 /Users/nckrtl/Projects/DLF/dutchlaravelfoundation/vendor/laravel/framework/src/Illuminate/Pipeline/Pipeline.php(137): Illuminate\\Pipeline\\Pipeline->{closure:{closure:Illuminate\\Pipeline\\Pipeline::carry():194}:195}(Object(Illuminate\\Http\\Request))
#93 /Users/nckrtl/Projects/DLF/dutchlaravelfoundation/vendor/laravel/framework/src/Illuminate/Foundation/Http/Kernel.php(175): Illuminate\\Pipeline\\Pipeline->then(Object(Closure))
#94 /Users/nckrtl/Projects/DLF/dutchlaravelfoundation/vendor/laravel/framework/src/Illuminate/Foundation/Http/Kernel.php(144): Illuminate\\Foundation\\Http\\Kernel->sendRequestThroughRouter(Object(Illuminate\\Http\\Request))
#95 /Users/nckrtl/Projects/DLF/dutchlaravelfoundation/public/index.php(51): Illuminate\\Foundation\\Http\\Kernel->handle(Object(Illuminate\\Http\\Request))
#96 /Applications/Herd.app/Contents/Resources/valet/server.php(167): require('/Users/nckrtl/P...')
#97 {main}
"} 
[2025-12-04 11:13:29] local.ERROR: Image [diabetes-wegwijzer_0.png] does not actually appear to be a valid image. {"userId":"50ac328e-5084-4c6e-9551-2fb5bb9f3d88","exception":"[object] (Exception(code: 0): Image [diabetes-wegwijzer_0.png] does not actually appear to be a valid image. at /Users/nckrtl/Projects/DLF/dutchlaravelfoundation/vendor/statamic/cms/src/Imaging/ImageGenerator.php:309)
[stacktrace]
#0 /Users/nckrtl/Projects/DLF/dutchlaravelfoundation/vendor/statamic/cms/src/Imaging/ImageGenerator.php(255): Statamic\\Imaging\\ImageGenerator->validateImage()
#1 /Users/nckrtl/Projects/DLF/dutchlaravelfoundation/vendor/statamic/cms/src/Imaging/ImageGenerator.php(167): Statamic\\Imaging\\ImageGenerator->generate('diabetes-wegwij...')
#2 /Users/nckrtl/Projects/DLF/dutchlaravelfoundation/vendor/statamic/cms/src/Imaging/ImageGenerator.php(150): Statamic\\Imaging\\ImageGenerator->doGenerateByAsset(Object(Statamic\\Assets\\Asset), Array)
#3 /Users/nckrtl/Projects/DLF/dutchlaravelfoundation/vendor/laravel/framework/src/Illuminate/Cache/Repository.php(472): Statamic\\Imaging\\ImageGenerator->{closure:Statamic\\Imaging\\ImageGenerator::generateByAsset():150}()
#4 /Users/nckrtl/Projects/DLF/dutchlaravelfoundation/vendor/statamic/cms/src/Imaging/ImageGenerator.php(148): Illuminate\\Cache\\Repository->rememberForever('asset::assets::...', Object(Closure))
#5 /Users/nckrtl/Projects/DLF/dutchlaravelfoundation/vendor/statamic/cms/src/Http/Controllers/CP/Assets/ThumbnailController.php(111): Statamic\\Imaging\\ImageGenerator->generateByAsset(Object(Statamic\\Assets\\Asset), Array)
#6 /Users/nckrtl/Projects/DLF/dutchlaravelfoundation/vendor/statamic/cms/src/Http/Controllers/CP/Assets/ThumbnailController.php(74): Statamic\\Http\\Controllers\\CP\\Assets\\ThumbnailController->generate()
#7 /Users/nckrtl/Projects/DLF/dutchlaravelfoundation/vendor/laravel/framework/src/Illuminate/Routing/Controller.php(54): Statamic\\Http\\Controllers\\CP\\Assets\\ThumbnailController->show('YXNzZXRzOjpkaWF...', 'small', NULL)
#8 /Users/nckrtl/Projects/DLF/dutchlaravelfoundation/vendor/laravel/framework/src/Illuminate/Routing/ControllerDispatcher.php(43): Illuminate\\Routing\\Controller->callAction('show', Array)
#9 /Users/nckrtl/Projects/DLF/dutchlaravelfoundation/vendor/laravel/framework/src/Illuminate/Routing/Route.php(265): Illuminate\\Routing\\ControllerDispatcher->dispatch(Object(Illuminate\\Routing\\Route), Object(Statamic\\Http\\Controllers\\CP\\Assets\\ThumbnailController), 'show')
#10 /Users/nckrtl/Projects/DLF/dutchlaravelfoundation/vendor/laravel/framework/src/Illuminate/Routing/Route.php(211): Illuminate\\Routing\\Route->runController()
#11 /Users/nckrtl/Projects/DLF/dutchlaravelfoundation/vendor/laravel/framework/src/Illuminate/Routing/Router.php(822): Illuminate\\Routing\\Route->run()
#12 /Users/nckrtl/Projects/DLF/dutchlaravelfoundation/vendor/laravel/framework/src/Illuminate/Pipeline/Pipeline.php(180): Illuminate\\Routing\\Router->{closure:Illuminate\\Routing\\Router::runRouteWithinStack():821}(Object(Illuminate\\Http\\Request))
#13 /Users/nckrtl/Projects/DLF/dutchlaravelfoundation/vendor/statamic/cms/src/Http/Middleware/DeleteTemporaryFileUploads.php(18): Illuminate\\Pipeline\\Pipeline->{closure:Illuminate\\Pipeline\\Pipeline::prepareDestination():178}(Object(Illuminate\\Http\\Request))
#14 /Users/nckrtl/Projects/DLF/dutchlaravelfoundation/vendor/laravel/framework/src/Illuminate/Pipeline/Pipeline.php(219): Statamic\\Http\\Middleware\\DeleteTemporaryFileUploads->handle(Object(Illuminate\\Http\\Request), Object(Closure))
#15 /Users/nckrtl/Projects/DLF/dutchlaravelfoundation/vendor/statamic/cms/src/Http/Middleware/CP/AddVaryHeaderToResponse.php(11): Illuminate\\Pipeline\\Pipeline->{closure:{closure:Illuminate\\Pipeline\\Pipeline::carry():194}:195}(Object(Illuminate\\Http\\Request))
#16 /Users/nckrtl/Projects/DLF/dutchlaravelfoundation/vendor/laravel/framework/src/Illuminate/Pipeline/Pipeline.php(219): Statamic\\Http\\Middleware\\CP\\AddVaryHeaderToResponse->handle(Object(Illuminate\\Http\\Request), Object(Closure))
#17 /Users/nckrtl/Projects/DLF/dutchlaravelfoundation/vendor/statamic/cms/src/Http/Middleware/CP/CountUsers.php(18): Illuminate\\Pipeline\\Pipeline->{closure:{closure:Illuminate\\Pipeline\\Pipeline::carry():194}:195}(Object(Illuminate\\Http\\Request))
#18 /Users/nckrtl/Projects/DLF/dutchlaravelfoundation/vendor/laravel/framework/src/Illuminate/Pipeline/Pipeline.php(219): Statamic\\Http\\Middleware\\CP\\CountUsers->handle(Object(Illuminate\\Http\\Request), Object(Closure))
#19 /Users/nckrtl/Projects/DLF/dutchlaravelfoundation/vendor/statamic/cms/src/Http/Middleware/CP/BootUtilities.php(14): Illuminate\\Pipeline\\Pipeline->{closure:{closure:Illuminate\\Pipeline\\Pipeline::carry():194}:195}(Object(Illuminate\\Http\\Request))
#20 /Users/nckrtl/Projects/DLF/dutchlaravelfoundation/vendor/laravel/framework/src/Illuminate/Pipeline/Pipeline.php(219): Statamic\\Http\\Middleware\\CP\\BootUtilities->handle(Object(Illuminate\\Http\\Request), Object(Closure))
#21 /Users/nckrtl/Projects/DLF/dutchlaravelfoundation/vendor/statamic/cms/src/Http/Middleware/CP/BootPreferences.php(14): Illuminate\\Pipeline\\Pipeline->{closure:{closure:Illuminate\\Pipeline\\Pipeline::carry():194}:195}(Object(Illuminate\\Http\\Request))
#22 /Users/nckrtl/Projects/DLF/dutchlaravelfoundation/vendor/laravel/framework/src/Illuminate/Pipeline/Pipeline.php(219): Statamic\\Http\\Middleware\\CP\\BootPreferences->handle(Object(Illuminate\\Http\\Request), Object(Closure))
#23 /Users/nckrtl/Projects/DLF/dutchlaravelfoundation/vendor/statamic/cms/src/Http/Middleware/CP/BootPermissions.php(14): Illuminate\\Pipeline\\Pipeline->{closure:{closure:Illuminate\\Pipeline\\Pipeline::carry():194}:195}(Object(Illuminate\\Http\\Request))
#24 /Users/nckrtl/Projects/DLF/dutchlaravelfoundation/vendor/laravel/framework/src/Illuminate/Pipeline/Pipeline.php(219): Statamic\\Http\\Middleware\\CP\\BootPermissions->handle(Object(Illuminate\\Http\\Request), Object(Closure))
#25 /Users/nckrtl/Projects/DLF/dutchlaravelfoundation/vendor/statamic/cms/src/Http/Middleware/CP/SelectedSite.php(17): Illuminate\\Pipeline\\Pipeline->{closure:{closure:Illuminate\\Pipeline\\Pipeline::carry():194}:195}(Object(Illuminate\\Http\\Request))
#26 /Users/nckrtl/Projects/DLF/dutchlaravelfoundation/vendor/laravel/framework/src/Illuminate/Pipeline/Pipeline.php(219): Statamic\\Http\\Middleware\\CP\\SelectedSite->handle(Object(Illuminate\\Http\\Request), Object(Closure))
#27 /Users/nckrtl/Projects/DLF/dutchlaravelfoundation/vendor/statamic/cms/src/Http/Middleware/CP/Localize.php(19): Illuminate\\Pipeline\\Pipeline->{closure:{closure:Illuminate\\Pipeline\\Pipeline::carry():194}:195}(Object(Illuminate\\Http\\Request))
#28 /Users/nckrtl/Projects/DLF/dutchlaravelfoundation/vendor/laravel/framework/src/Illuminate/Pipeline/Pipeline.php(219): Statamic\\Http\\Middleware\\CP\\Localize->handle(Object(Illuminate\\Http\\Request), Object(Closure))
#29 /Users/nckrtl/Projects/DLF/dutchlaravelfoundation/vendor/statamic/cms/src/Http/Middleware/CP/Authorize.php(25): Illuminate\\Pipeline\\Pipeline->{closure:{closure:Illuminate\\Pipeline\\Pipeline::carry():194}:195}(Object(Illuminate\\Http\\Request))
#30 /Users/nckrtl/Projects/DLF/dutchlaravelfoundation/vendor/laravel/framework/src/Illuminate/Pipeline/Pipeline.php(219): Statamic\\Http\\Middleware\\CP\\Authorize->handle(Object(Illuminate\\Http\\Request), Object(Closure))
#31 /Users/nckrtl/Projects/DLF/dutchlaravelfoundation/vendor/laravel/framework/src/Illuminate/Foundation/Http/Middleware/TransformsRequest.php(21): Illuminate\\Pipeline\\Pipeline->{closure:{closure:Illuminate\\Pipeline\\Pipeline::carry():194}:195}(Object(Illuminate\\Http\\Request))
#32 /Users/nckrtl/Projects/DLF/dutchlaravelfoundation/vendor/laravel/framework/src/Illuminate/Pipeline/Pipeline.php(219): Illuminate\\Foundation\\Http\\Middleware\\TransformsRequest->handle(Object(Illuminate\\Http\\Request), Object(Closure))
#33 /Users/nckrtl/Projects/DLF/dutchlaravelfoundation/vendor/statamic/cms/src/Http/Middleware/CP/AddToasts.php(22): Illuminate\\Pipeline\\Pipeline->{closure:{closure:Illuminate\\Pipeline\\Pipeline::carry():194}:195}(Object(Illuminate\\Http\\Request))
#34 /Users/nckrtl/Projects/DLF/dutchlaravelfoundation/vendor/laravel/framework/src/Illuminate/Pipeline/Pipeline.php(219): Statamic\\Http\\Middleware\\CP\\AddToasts->handle(Object(Illuminate\\Http\\Request), Object(Closure))
#35 /Users/nckrtl/Projects/DLF/dutchlaravelfoundation/vendor/statamic/cms/src/Http/Middleware/CP/AuthGuard.php(14): Illuminate\\Pipeline\\Pipeline->{closure:{closure:Illuminate\\Pipeline\\Pipeline::carry():194}:195}(Object(Illuminate\\Http\\Request))
#36 /Users/nckrtl/Projects/DLF/dutchlaravelfoundation/vendor/laravel/framework/src/Illuminate/Pipeline/Pipeline.php(219): Statamic\\Http\\Middleware\\CP\\AuthGuard->handle(Object(Illuminate\\Http\\Request), Object(Closure))
#37 /Users/nckrtl/Projects/DLF/dutchlaravelfoundation/vendor/statamic/cms/src/Http/Middleware/CP/ContactOutpost.php(21): Illuminate\\Pipeline\\Pipeline->{closure:{closure:Illuminate\\Pipeline\\Pipeline::carry():194}:195}(Object(Illuminate\\Http\\Request))
#38 /Users/nckrtl/Projects/DLF/dutchlaravelfoundation/vendor/laravel/framework/src/Illuminate/Pipeline/Pipeline.php(219): Statamic\\Http\\Middleware\\CP\\ContactOutpost->handle(Object(Illuminate\\Http\\Request), Object(Closure))
#39 /Users/nckrtl/Projects/DLF/dutchlaravelfoundation/vendor/laravel/framework/src/Illuminate/Routing/Middleware/SubstituteBindings.php(50): Illuminate\\Pipeline\\Pipeline->{closure:{closure:Illuminate\\Pipeline\\Pipeline::carry():194}:195}(Object(Illuminate\\Http\\Request))
#40 /Users/nckrtl/Projects/DLF/dutchlaravelfoundation/vendor/laravel/framework/src/Illuminate/Pipeline/Pipeline.php(219): Illuminate\\Routing\\Middleware\\SubstituteBindings->handle(Object(Illuminate\\Http\\Request), Object(Closure))
#41 /Users/nckrtl/Projects/DLF/dutchlaravelfoundation/vendor/laravel/framework/src/Illuminate/Session/Middleware/AuthenticateSession.php(66): Illuminate\\Pipeline\\Pipeline->{closure:{closure:Illuminate\\Pipeline\\Pipeline::carry():194}:195}(Object(Illuminate\\Http\\Request))
#42 /Users/nckrtl/Projects/DLF/dutchlaravelfoundation/vendor/laravel/framework/src/Illuminate/Pipeline/Pipeline.php(219): Illuminate\\Session\\Middleware\\AuthenticateSession->handle(Object(Illuminate\\Http\\Request), Object(Closure))
#43 /Users/nckrtl/Projects/DLF/dutchlaravelfoundation/vendor/laravel/framework/src/Illuminate/Foundation/Http/Middleware/VerifyCsrfToken.php(87): Illuminate\\Pipeline\\Pipeline->{closure:{closure:Illuminate\\Pipeline\\Pipeline::carry():194}:195}(Object(Illuminate\\Http\\Request))
#44 /Users/nckrtl/Projects/DLF/dutchlaravelfoundation/vendor/laravel/framework/src/Illuminate/Pipeline/Pipeline.php(219): Illuminate\\Foundation\\Http\\Middleware\\VerifyCsrfToken->handle(Object(Illuminate\\Http\\Request), Object(Closure))
#45 /Users/nckrtl/Projects/DLF/dutchlaravelfoundation/vendor/laravel/framework/src/Illuminate/View/Middleware/ShareErrorsFromSession.php(48): Illuminate\\Pipeline\\Pipeline->{closure:{closure:Illuminate\\Pipeline\\Pipeline::carry():194}:195}(Object(Illuminate\\Http\\Request))
#46 /Users/nckrtl/Projects/DLF/dutchlaravelfoundation/vendor/laravel/framework/src/Illuminate/Pipeline/Pipeline.php(219): Illuminate\\View\\Middleware\\ShareErrorsFromSession->handle(Object(Illuminate\\Http\\Request), Object(Closure))
#47 /Users/nckrtl/Projects/DLF/dutchlaravelfoundation/vendor/laravel/framework/src/Illuminate/Session/Middleware/StartSession.php(120): Illuminate\\Pipeline\\Pipeline->{closure:{closure:Illuminate\\Pipeline\\Pipeline::carry():194}:195}(Object(Illuminate\\Http\\Request))
#48 /Users/nckrtl/Projects/DLF/dutchlaravelfoundation/vendor/laravel/framework/src/Illuminate/Session/Middleware/StartSession.php(63): Illuminate\\Session\\Middleware\\StartSession->handleStatefulRequest(Object(Illuminate\\Http\\Request), Object(Illuminate\\Session\\Store), Object(Closure))
#49 /Users/nckrtl/Projects/DLF/dutchlaravelfoundation/vendor/laravel/framework/src/Illuminate/Pipeline/Pipeline.php(219): Illuminate\\Session\\Middleware\\StartSession->handle(Object(Illuminate\\Http\\Request), Object(Closure))
#50 /Users/nckrtl/Projects/DLF/dutchlaravelfoundation/vendor/laravel/framework/src/Illuminate/Cookie/Middleware/AddQueuedCookiesToResponse.php(36): Illuminate\\Pipeline\\Pipeline->{closure:{closure:Illuminate\\Pipeline\\Pipeline::carry():194}:195}(Object(Illuminate\\Http\\Request))
#51 /Users/nckrtl/Projects/DLF/dutchlaravelfoundation/vendor/laravel/framework/src/Illuminate/Pipeline/Pipeline.php(219): Illuminate\\Cookie\\Middleware\\AddQueuedCookiesToResponse->handle(Object(Illuminate\\Http\\Request), Object(Closure))
#52 /Users/nckrtl/Projects/DLF/dutchlaravelfoundation/vendor/laravel/framework/src/Illuminate/Cookie/Middleware/EncryptCookies.php(74): Illuminate\\Pipeline\\Pipeline->{closure:{closure:Illuminate\\Pipeline\\Pipeline::carry():194}:195}(Object(Illuminate\\Http\\Request))
#53 /Users/nckrtl/Projects/DLF/dutchlaravelfoundation/vendor/laravel/framework/src/Illuminate/Pipeline/Pipeline.php(219): Illuminate\\Cookie\\Middleware\\EncryptCookies->handle(Object(Illuminate\\Http\\Request), Object(Closure))
#54 /Users/nckrtl/Projects/DLF/dutchlaravelfoundation/vendor/statamic/cms/src/Http/Middleware/SwapExceptionHandler.php(19): Illuminate\\Pipeline\\Pipeline->{closure:{closure:Illuminate\\Pipeline\\Pipeline::carry():194}:195}(Object(Illuminate\\Http\\Request))
#55 /Users/nckrtl/Projects/DLF/dutchlaravelfoundation/vendor/laravel/framework/src/Illuminate/Pipeline/Pipeline.php(219): Statamic\\Http\\Middleware\\SwapExceptionHandler->handle(Object(Illuminate\\Http\\Request), Object(Closure))
#56 /Users/nckrtl/Projects/DLF/dutchlaravelfoundation/vendor/laravel/framework/src/Illuminate/Pipeline/Pipeline.php(137): Illuminate\\Pipeline\\Pipeline->{closure:{closure:Illuminate\\Pipeline\\Pipeline::carry():194}:195}(Object(Illuminate\\Http\\Request))
#57 /Users/nckrtl/Projects/DLF/dutchlaravelfoundation/vendor/laravel/framework/src/Illuminate/Routing/Router.php(821): Illuminate\\Pipeline\\Pipeline->then(Object(Closure))
#58 /Users/nckrtl/Projects/DLF/dutchlaravelfoundation/vendor/laravel/framework/src/Illuminate/Routing/Router.php(800): Illuminate\\Routing\\Router->runRouteWithinStack(Object(Illuminate\\Routing\\Route), Object(Illuminate\\Http\\Request))
#59 /Users/nckrtl/Projects/DLF/dutchlaravelfoundation/vendor/laravel/framework/src/Illuminate/Routing/Router.php(764): Illuminate\\Routing\\Router->runRoute(Object(Illuminate\\Http\\Request), Object(Illuminate\\Routing\\Route))
#60 /Users/nckrtl/Projects/DLF/dutchlaravelfoundation/vendor/laravel/framework/src/Illuminate/Routing/Router.php(753): Illuminate\\Routing\\Router->dispatchToRoute(Object(Illuminate\\Http\\Request))
#61 /Users/nckrtl/Projects/DLF/dutchlaravelfoundation/vendor/laravel/framework/src/Illuminate/Foundation/Http/Kernel.php(200): Illuminate\\Routing\\Router->dispatch(Object(Illuminate\\Http\\Request))
#62 /Users/nckrtl/Projects/DLF/dutchlaravelfoundation/vendor/laravel/framework/src/Illuminate/Pipeline/Pipeline.php(180): Illuminate\\Foundation\\Http\\Kernel->{closure:Illuminate\\Foundation\\Http\\Kernel::dispatchToRouter():197}(Object(Illuminate\\Http\\Request))
#63 /Users/nckrtl/Projects/DLF/dutchlaravelfoundation/vendor/statamic/cms/src/Http/Middleware/StopImpersonating.php(12): Illuminate\\Pipeline\\Pipeline->{closure:Illuminate\\Pipeline\\Pipeline::prepareDestination():178}(Object(Illuminate\\Http\\Request))
#64 /Users/nckrtl/Projects/DLF/dutchlaravelfoundation/vendor/laravel/framework/src/Illuminate/Pipeline/Pipeline.php(219): Statamic\\Http\\Middleware\\StopImpersonating->handle(Object(Illuminate\\Http\\Request), Object(Closure))
#65 /Users/nckrtl/Projects/DLF/dutchlaravelfoundation/vendor/statamic/cms/src/Http/Middleware/DisableFloc.php(17): Illuminate\\Pipeline\\Pipeline->{closure:{closure:Illuminate\\Pipeline\\Pipeline::carry():194}:195}(Object(Illuminate\\Http\\Request))
#66 /Users/nckrtl/Projects/DLF/dutchlaravelfoundation/vendor/laravel/framework/src/Illuminate/Pipeline/Pipeline.php(219): Statamic\\Http\\Middleware\\DisableFloc->handle(Object(Illuminate\\Http\\Request), Object(Closure))
#67 /Users/nckrtl/Projects/DLF/dutchlaravelfoundation/vendor/statamic/cms/src/Http/Middleware/CheckMultisite.php(15): Illuminate\\Pipeline\\Pipeline->{closure:{closure:Illuminate\\Pipeline\\Pipeline::carry():194}:195}(Object(Illuminate\\Http\\Request))
#68 /Users/nckrtl/Projects/DLF/dutchlaravelfoundation/vendor/laravel/framework/src/Illuminate/Pipeline/Pipeline.php(219): Statamic\\Http\\Middleware\\CheckMultisite->handle(Object(Illuminate\\Http\\Request), Object(Closure))
#69 /Users/nckrtl/Projects/DLF/dutchlaravelfoundation/vendor/statamic/cms/src/Http/Middleware/CheckComposerJsonScripts.php(21): Illuminate\\Pipeline\\Pipeline->{closure:{closure:Illuminate\\Pipeline\\Pipeline::carry():194}:195}(Object(Illuminate\\Http\\Request))
#70 /Users/nckrtl/Projects/DLF/dutchlaravelfoundation/vendor/laravel/framework/src/Illuminate/Pipeline/Pipeline.php(219): Statamic\\Http\\Middleware\\CheckComposerJsonScripts->handle(Object(Illuminate\\Http\\Request), Object(Closure))
#71 /Users/nckrtl/Projects/DLF/dutchlaravelfoundation/vendor/statamic/cms/src/Http/Middleware/PoweredByHeader.php(18): Illuminate\\Pipeline\\Pipeline->{closure:{closure:Illuminate\\Pipeline\\Pipeline::carry():194}:195}(Object(Illuminate\\Http\\Request))
#72 /Users/nckrtl/Projects/DLF/dutchlaravelfoundation/vendor/laravel/framework/src/Illuminate/Pipeline/Pipeline.php(219): Statamic\\Http\\Middleware\\PoweredByHeader->handle(Object(Illuminate\\Http\\Request), Object(Closure))
#73 /Users/nckrtl/Projects/DLF/dutchlaravelfoundation/vendor/barryvdh/laravel-debugbar/src/Middleware/InjectDebugbar.php(59): Illuminate\\Pipeline\\Pipeline->{closure:{closure:Illuminate\\Pipeline\\Pipeline::carry():194}:195}(Object(Illuminate\\Http\\Request))
#74 /Users/nckrtl/Projects/DLF/dutchlaravelfoundation/vendor/laravel/framework/src/Illuminate/Pipeline/Pipeline.php(219): Barryvdh\\Debugbar\\Middleware\\InjectDebugbar->handle(Object(Illuminate\\Http\\Request), Object(Closure))
#75 /Users/nckrtl/Projects/DLF/dutchlaravelfoundation/vendor/laravel/framework/src/Illuminate/Foundation/Http/Middleware/TransformsRequest.php(21): Illuminate\\Pipeline\\Pipeline->{closure:{closure:Illuminate\\Pipeline\\Pipeline::carry():194}:195}(Object(Illuminate\\Http\\Request))
#76 /Users/nckrtl/Projects/DLF/dutchlaravelfoundation/vendor/laravel/framework/src/Illuminate/Foundation/Http/Middleware/ConvertEmptyStringsToNull.php(31): Illuminate\\Foundation\\Http\\Middleware\\TransformsRequest->handle(Object(Illuminate\\Http\\Request), Object(Closure))
#77 /Users/nckrtl/Projects/DLF/dutchlaravelfoundation/vendor/laravel/framework/src/Illuminate/Pipeline/Pipeline.php(219): Illuminate\\Foundation\\Http\\Middleware\\ConvertEmptyStringsToNull->handle(Object(Illuminate\\Http\\Request), Object(Closure))
#78 /Users/nckrtl/Projects/DLF/dutchlaravelfoundation/vendor/laravel/framework/src/Illuminate/Foundation/Http/Middleware/TrimStrings.php(47): Illuminate\\Pipeline\\Pipeline->{closure:{closure:Illuminate\\Pipeline\\Pipeline::carry():194}:195}(Object(Illuminate\\Http\\Request))
#79 /Users/nckrtl/Projects/DLF/dutchlaravelfoundation/vendor/laravel/framework/src/Illuminate/Pipeline/Pipeline.php(219): Illuminate\\Foundation\\Http\\Middleware\\TrimStrings->handle(Object(Illuminate\\Http\\Request), Object(Closure))
#80 /Users/nckrtl/Projects/DLF/dutchlaravelfoundation/vendor/laravel/framework/src/Illuminate/Http/Middleware/ValidatePostSize.php(27): Illuminate\\Pipeline\\Pipeline->{closure:{closure:Illuminate\\Pipeline\\Pipeline::carry():194}:195}(Object(Illuminate\\Http\\Request))
#81 /Users/nckrtl/Projects/DLF/dutchlaravelfoundation/vendor/laravel/framework/src/Illuminate/Pipeline/Pipeline.php(219): Illuminate\\Http\\Middleware\\ValidatePostSize->handle(Object(Illuminate\\Http\\Request), Object(Closure))
#82 /Users/nckrtl/Projects/DLF/dutchlaravelfoundation/vendor/laravel/framework/src/Illuminate/Foundation/Http/Middleware/PreventRequestsDuringMaintenance.php(109): Illuminate\\Pipeline\\Pipeline->{closure:{closure:Illuminate\\Pipeline\\Pipeline::carry():194}:195}(Object(Illuminate\\Http\\Request))
#83 /Users/nckrtl/Projects/DLF/dutchlaravelfoundation/vendor/laravel/framework/src/Illuminate/Pipeline/Pipeline.php(219): Illuminate\\Foundation\\Http\\Middleware\\PreventRequestsDuringMaintenance->handle(Object(Illuminate\\Http\\Request), Object(Closure))
#84 /Users/nckrtl/Projects/DLF/dutchlaravelfoundation/vendor/laravel/framework/src/Illuminate/Http/Middleware/HandleCors.php(48): Illuminate\\Pipeline\\Pipeline->{closure:{closure:Illuminate\\Pipeline\\Pipeline::carry():194}:195}(Object(Illuminate\\Http\\Request))
#85 /Users/nckrtl/Projects/DLF/dutchlaravelfoundation/vendor/laravel/framework/src/Illuminate/Pipeline/Pipeline.php(219): Illuminate\\Http\\Middleware\\HandleCors->handle(Object(Illuminate\\Http\\Request), Object(Closure))
#86 /Users/nckrtl/Projects/DLF/dutchlaravelfoundation/vendor/laravel/framework/src/Illuminate/Http/Middleware/TrustProxies.php(58): Illuminate\\Pipeline\\Pipeline->{closure:{closure:Illuminate\\Pipeline\\Pipeline::carry():194}:195}(Object(Illuminate\\Http\\Request))
#87 /Users/nckrtl/Projects/DLF/dutchlaravelfoundation/vendor/laravel/framework/src/Illuminate/Pipeline/Pipeline.php(219): Illuminate\\Http\\Middleware\\TrustProxies->handle(Object(Illuminate\\Http\\Request), Object(Closure))
#88 /Users/nckrtl/Projects/DLF/dutchlaravelfoundation/vendor/laravel/framework/src/Illuminate/Foundation/Http/Middleware/InvokeDeferredCallbacks.php(22): Illuminate\\Pipeline\\Pipeline->{closure:{closure:Illuminate\\Pipeline\\Pipeline::carry():194}:195}(Object(Illuminate\\Http\\Request))
#89 /Users/nckrtl/Projects/DLF/dutchlaravelfoundation/vendor/laravel/framework/src/Illuminate/Pipeline/Pipeline.php(219): Illuminate\\Foundation\\Http\\Middleware\\InvokeDeferredCallbacks->handle(Object(Illuminate\\Http\\Request), Object(Closure))
#90 /Users/nckrtl/Projects/DLF/dutchlaravelfoundation/vendor/laravel/framework/src/Illuminate/Http/Middleware/ValidatePathEncoding.php(26): Illuminate\\Pipeline\\Pipeline->{closure:{closure:Illuminate\\Pipeline\\Pipeline::carry():194}:195}(Object(Illuminate\\Http\\Request))
#91 /Users/nckrtl/Projects/DLF/dutchlaravelfoundation/vendor/laravel/framework/src/Illuminate/Pipeline/Pipeline.php(219): Illuminate\\Http\\Middleware\\ValidatePathEncoding->handle(Object(Illuminate\\Http\\Request), Object(Closure))
#92 /Users/nckrtl/Projects/DLF/dutchlaravelfoundation/vendor/laravel/framework/src/Illuminate/Pipeline/Pipeline.php(137): Illuminate\\Pipeline\\Pipeline->{closure:{closure:Illuminate\\Pipeline\\Pipeline::carry():194}:195}(Object(Illuminate\\Http\\Request))
#93 /Users/nckrtl/Projects/DLF/dutchlaravelfoundation/vendor/laravel/framework/src/Illuminate/Foundation/Http/Kernel.php(175): Illuminate\\Pipeline\\Pipeline->then(Object(Closure))
#94 /Users/nckrtl/Projects/DLF/dutchlaravelfoundation/vendor/laravel/framework/src/Illuminate/Foundation/Http/Kernel.php(144): Illuminate\\Foundation\\Http\\Kernel->sendRequestThroughRouter(Object(Illuminate\\Http\\Request))
#95 /Users/nckrtl/Projects/DLF/dutchlaravelfoundation/public/index.php(51): Illuminate\\Foundation\\Http\\Kernel->handle(Object(Illuminate\\Http\\Request))
#96 /Applications/Herd.app/Contents/Resources/valet/server.php(167): require('/Users/nckrtl/P...')
#97 {main}
"} 
